43
49 0 61604 173014 175384 19431 78839 37855 64261 77976 43902 31714 14494 31733 12678 44532 118078 94707 193052 54043 55384 143212 64116 245615 143589 244804 142299 23110 10111 153631 175030 130775 17799 194934 180212 190291 79829 193685 147354 198956 44909 205099 193715 177330 261959 173158 124894 91346 258279 18661 
44
49 0 241852 176606 119984 160959 126673 56253 59073 15192 238590 129782 40606 229104 52647 191454 211004 38643 29309 261914 60529 120714 59686 126463 94562 44567 227301 261727 215019 237221 46835 123583 136958 260637 261874 227135 36595 124180 97855 112357 161355 229409 258351 205186 64256 197303 89067 20693 247446 14927 
45
49 0 194532 62598 243872 149439 207607 210777 15937 191064 39674 53730 85727 94261 261815 222204 210724 162755 64063 127806 234741 208873 186545 40686 250037 15951 32598 79574 75758 235583 159459 178430 185583 256063 233106 247676 212703 125408 73272 248436 30971 107488 156373 178381 130007 165966 99141 64303 239562 2811 
46
49 0 157148 11238 187416 163135 171189 48799 72609 109784 92842 243751 117966 93936 254884 123382 258342 162539 203487 202713 236796 236495 92772 102127 21489 195783 152570 129777 238069 153275 65530 160505 183754 177018 237244 51894 80795 63910 261648 112866 154534 99829 194800 151904 127143 249087 120451 53455 258599 29834 
47
49 0 80132 37942 36632 72919 64049 107097 44741 117596 252927 257255 131034 236212 211332 47332 119847 31219 106232 64497 251962 65486 129266 97907 225975 228944 245630 45783 239588 171192 49138 29433 83688 10559 232431 254523 78597 247903 257066 241499 59438 103565 261375 163071 46788 140134 111320 64169 243438 7657 
48
49 0 128820 128510 32464 24967 195825 15357 245665 11230 232959 246258 240970 187060 240518 32764 192316 12248 39639 192501 114781 211916 260863 224807 111103 64990 69975 179940 176100 229030 98236 195281 253879 26945 238572 260959 205596 123374 96824 237082 56358 234559 229375 145933 78375 131790 61637 16383 189647 558 
49
49 0 96292 183558 261536 261175 176183 54111 65479 36862 15807 53682 32010 133364 261278 118268 112175 81600 127544 104348 110743 37765 138231 11702 229886 167892 229346 218695 36801 217268 75766 31415 4023 9020 178898 60031 3045 63602 138459 240999 44883 227260 32455 7834 261304 34851 125663 28312 260988 18545 
50
49 0 21556 215030 61360 256791 104663 203897 143077 200700 117311 119030 102030 159733 20404 205796 71966 26594 11859 81722 120981 135111 215666 109759 237733 65489 6084 48376 257919 244926 13803 10172 40855 43860 239351 248530 208851 60919 130795 212714 57221 108622 191735 158140 64695 149061 114609 44407 206483 241 
51
49 0 122548 129190 219960 201495 79095 248825 114913 242590 97599 205303 197087 238116 191908 126927 137022 118224 244440 40887 31793 255854 260384 97983 209827 261467 88562 195825 52735 121010 122329 94194 40119 64542 63472 99250 227183 103845 71287 83687 24432 109188 257533 180183 52727 238661 99024 35810 253694 28333 
52
49 0 261828 183718 19256 261527 46807 32383 106177 192732 260543 32054 216526 73376 130452 139230 93991 170995 40603 196440 193785 208865 211959 224690 123447 208271 226292 98031 198132 219807 252590 30631 167390 161343 241578 122576 93786 104940 97829 257086 193781 223976 256893 151294 126221 190425 49341 24697 196201 79999 
53
49 0 62620 220150 56864 121631 223063 219295 211617 215294 40958 232226 248478 187380 204679 49647 96030 100288 20216 211935 134398 218031 56101 155376 197237 244822 122849 15605 69572 236071 221150 59134 100229 28470 215999 238458 161525 231920 89628 51199 128571 231573 240575 217052 110518 157494 85714 63743 225144 44230 
54
49 0 29660 52222 4792 261567 129847 75865 1633 71192 226222 227954 261535 227552 22670 106446 89382 217536 152121 252861 119889 11215 96631 216959 70625 258014 163191 138495 176127 176305 16815 92907 204015 92431 224236 251580 11839 248286 261870 167630 13944 254453 224103 220091 179114 214012 128757 59391 256137 38381 
55
49 0 171460 236030 249216 171191 185367 242589 56833 221272 221806 158434 53534 56496 123838 259828 167199 249816 147185 251832 64666 145359 211683 57342 156206 126670 212960 113364 53092 236191 217783 259324 235738 229247 262046 185020 16268 252283 229333 202741 52473 211054 171652 158448 39012 201461 81456 5847 218599 17988 
56
49 0 255988 32470 120736 24095 261175 240857 162311 49086 197230 163510 113230 113316 221079 157684 231718 129504 54841 189437 208094 60397 55522 32630 66228 97823 195445 64725 12260 193194 218879 62654 101071 193898 129653 54005 31284 118170 130081 208537 194545 76104 262083 155187 68730 153063 114232 4220 187607 69215 
