64
25 0 3 7 8 9 14 17 23 259 504 771 795 1543 1550 3591 3598 3867 4104 4105 4110 5134 12825 12827 13083 16155 
65
24 0 3 7 9 15 24 120 156 252 259 376 504 1283 1923 3331 3478 4096 4099 4105 5142 12544 12547 12548 15766 
66
25 0 3 7 9 15 24 120 131 248 387 504 529 535 1016 1536 1543 5764 5767 7687 15879 32263 33288 33289 33294 33678 
67
24 0 3 7 9 15 24 120 131 248 387 504 529 535 1016 1536 1543 5764 5767 7687 15879 16384 16387 16393 16515 
68
24 0 3 7 9 15 24 69 120 248 284 380 504 581 1295 1528 5455 5624 7687 8448 8451 8452 9032 39352 55736 
69
24 0 3 7 9 15 24 69 120 248 284 380 504 581 1295 1528 5455 5624 7687 8448 8451 8452 9032 70151 72120 
70
24 0 3 7 9 15 24 69 120 248 284 380 504 581 1543 1605 1629 4096 4099 4105 4622 12544 12547 12548 14107 
71
25 0 3 7 9 15 24 69 120 248 360 504 529 535 1016 1536 1543 5698 5703 7687 15879 32263 33288 33289 33294 33608 
72
24 0 3 7 9 15 24 69 120 248 360 504 529 535 1016 1536 1543 5698 5703 7687 15879 16384 16387 16393 16453 
73
24 0 3 7 9 15 24 69 120 248 360 504 529 535 1016 1360 1384 4096 4099 4105 4355 20480 20483 20489 21526 
74
25 0 3 7 9 15 24 69 120 248 360 504 529 535 1016 1536 1543 5698 5703 7687 15879 32263 33288 33289 33294 33608 
75
24 0 3 7 9 15 24 69 120 248 360 504 840 976 1033 1039 1528 4096 4099 4105 4355 20480 20483 20489 21006 
76
24 0 3 7 9 15 22 79 120 207 252 312 376 504 2300 2552 6300 6552 8320 8323 8324 8598 52743 55303 55815 
77
24 0 3 7 9 15 22 120 125 143 252 393 408 504 2456 2552 8067 10714 10744 15879 16259 16512 16515 16516 16592 
78
24 0 3 7 9 15 22 120 125 143 252 336 376 504 1024 1027 1033 1093 2204 2300 2552 17536 17539 17540 17861 
79
24 0 3 7 9 15 22 120 125 128 131 132 208 336 376 512 519 2577 2583 8320 8323 8324 8598 49272 51719 
80
24 0 3 7 9 15 22 120 125 128 131 132 208 336 376 848 989 2176 2179 2180 2501 10368 10371 10372 11150 
81
23 0 3 7 9 15 22 120 125 143 252 393 408 504 605 2048 2051 2057 2117 6019 10240 10243 10249 10766 
82
24 0 3 7 9 15 22 120 125 143 252 336 376 504 644 647 1016 2048 2051 2057 2117 10240 10243 10249 10499 
83
25 0 3 7 9 15 22 120 125 208 248 464 504 520 521 526 605 989 1544 1545 1550 1736 3609 3611 3677 4061 
84
24 0 3 7 14 30 34 39 96 120 228 252 480 504 1776 2032 8160 8163 8642 8666 16352 16448 16450 16453 16477 
85
23 0 3 7 14 30 34 39 96 120 228 252 480 504 1776 2032 4593 4600 8160 8224 8226 8229 8253 18352 