71
48 0 185860 57342 235632 214423 179255 122361 62945 241660 181582 247802 61855 228213 162655 226766 23103 226770 73722 72671 18683 69569 30718 118303 114911 103683 194553 63838 223194 253363 120811 226265 200023 256534 114494 234379 32607 99523 259374 247110 26476 117314 154041 178365 63315 101091 36742 245644 29983 
72
49 0 128604 63358 37496 250951 220945 217823 199975 65246 138958 86271 170014 105060 171878 165879 56838 86480 155647 46041 192831 254677 235519 248862 160479 161358 128846 113893 206811 212656 51196 124797 106456 193727 35796 58986 159571 123216 259699 198511 163199 104913 219449 186110 131015 183103 53237 89948 188491 78108 
73
49 0 70268 119766 73600 96007 195893 63165 146657 144382 165842 114686 209823 128620 55063 38383 184894 89019 107327 261087 7546 130753 63387 152888 196860 149288 258405 261229 34155 187057 185686 192830 235005 58964 130837 63167 92767 259485 153148 214616 54378 227855 193098 22111 81685 150740 127029 90079 252754 81747 
74
49 0 119260 252998 161280 133015 195959 86271 40929 117726 250319 171514 123671 251772 106254 95198 165980 259538 57212 53903 61560 49878 69372 35935 70554 252967 251339 229246 50519 147230 56193 131037 167262 191201 128664 118351 25146 118031 89276 234779 32570 82543 193871 176511 30763 164202 119248 36974 238292 1079 
75
49 0 106004 72310 203160 199647 160247 64409 35557 184280 217679 59262 260738 112125 202604 235486 129628 104440 73727 161310 78015 17217 126460 40759 172539 136748 217583 204127 237910 211742 17832 97787 37816 65135 225902 106205 29341 98373 188230 219064 126061 156483 32535 73475 127576 216111 130493 55230 259824 40798 
76
48 0 65020 179222 175712 171783 64945 65401 54177 121980 162378 52590 241426 165876 119559 14782 208974 261002 228155 49103 207279 65411 109054 57336 61662 122031 153050 162277 181978 258714 111532 12693 39892 92424 39879 246763 80767 254657 257506 101606 190646 243418 260764 227743 55317 223217 96952 205124 4443 
77
49 0 26580 47902 254832 158743 97045 195357 249409 258168 242642 237951 215950 113520 241476 249326 11870 233442 123644 221855 205231 41921 80313 49119 222106 196554 141507 209650 101855 260286 27628 16836 198549 130369 169936 172503 227134 62014 121334 109016 40941 90132 257503 226809 48062 219893 125369 27967 256072 47612 
78
49 0 230372 153430 148928 66559 228885 135613 157989 252510 224966 85118 11294 157164 117119 253439 106020 218579 23551 65182 86268 122819 150457 16019 176479 188133 27372 145523 133622 143766 249812 248020 40895 218443 83231 118171 5579 105643 97911 214903 114131 149970 227772 150859 15804 185644 122047 57078 251343 38253 
79
49 0 245652 253566 182112 174039 168369 147455 43969 175998 197314 248319 207262 110076 198508 77223 238631 183227 229359 196441 69055 110226 35160 241432 180435 126119 239707 210668 248691 210063 208290 10677 73170 224044 170868 130547 212938 118506 259596 207739 28526 245189 183494 142663 61439 210815 91886 60415 260919 4796 
80
49 0 38388 68726 101472 60871 183029 36607 213825 90494 175582 190182 61466 44536 256790 188894 54862 7619 163834 177112 190975 140885 256600 171965 168893 187880 257257 94333 116186 32442 85740 256970 89539 108858 37135 130463 5948 196244 144256 228330 42972 261567 56838 12075 262022 14272 114175 94056 261252 21503 
81
49 0 191324 220102 237136 163207 184631 122845 57383 189080 59482 62446 117534 123004 122718 61391 162372 64427 140075 227231 178687 241623 56248 32639 229887 28264 108631 193107 98554 226729 225216 260543 206298 58193 65439 189330 212892 109272 195344 221807 31695 225758 192123 141520 233364 6103 130812 80287 226984 39821 
82
49 0 157444 10198 134736 10135 236021 53757 73703 96702 33626 2918 192410 248040 148854 23502 159356 157139 37691 205404 125163 103235 194773 191615 225617 56938 157135 262133 52991 15762 65197 21462 147416 62265 221493 241532 146933 230594 236107 138074 58321 137613 171003 44759 237439 190191 126665 45981 225882 71342 
83
49 0 260220 48086 138136 167327 195541 85439 130017 74460 114630 223858 82842 93181 61268 6022 136798 230850 88060 16287 153018 18390 207295 143157 258803 48493 42861 95989 200287 63386 241633 123894 10413 261662 171375 219011 5437 257644 159686 139154 261760 133372 15760 225199 104443 158431 61382 89735 208599 83649 
84
49 0 45588 193406 45648 170087 255127 65017 13793 259966 128222 189686 109458 129120 240502 128470 235071 250874 103853 22511 227823 116705 46579 178559 58172 261548 212856 90602 251763 156996 195415 50033 76664 25400 193679 127985 10144 34924 97061 206258 16375 223791 259580 156001 75002 181221 52460 91292 255385 13821 
85
48 0 85524 95582 59800 225279 147029 49305 135233 180216 245590 247799 257946 96740 237950 52223 116831 26096 259294 245754 239885 163797 184607 153695 41179 194568 223220 29055 22519 111955 196064 258803 72311 258967 182256 186860 153591 174907 90104 73053 194943 105071 162101 111420 207286 97064 14661 225648 21439 
