1
23 0 2 7 30 36 96 158 163 286 647 864 2206 2211 3230 6302 6307 11044 11104 16384 16386 16547 21411 123744 
2
24 0 2 7 30 36 96 158 163 286 798 864 931 1415 1888 2590 7326 10020 10080 15456 15518 17408 17410 17571 20387 
3
23 0 2 7 30 36 96 158 163 286 798 864 931 1566 2439 2912 6948 7008 8192 8194 8355 9379 50016 55454 
4
24 0 2 7 30 36 96 158 163 286 798 864 931 1566 3230 3614 4003 4096 4098 4259 5283 12800 12802 13219 16291 
5
21 0 2 7 30 35 66 96 286 414 519 2083 3168 3614 3619 6179 11044 11360 16384 16386 16419 21317 
6
23 0 2 7 30 35 66 96 286 414 798 837 1376 2595 3168 3614 10020 11783 15456 17408 17410 17443 20293 213790 
7
21 0 2 7 30 35 66 96 286 414 798 837 1571 2400 3168 3614 6948 7687 8192 8194 8227 9251 
8
24 0 2 7 30 35 66 96 286 414 798 837 1571 3168 3614 3619 3909 4096 4098 4131 5155 12868 12869 13125 16197 
9
24 0 2 7 30 35 96 99 164 224 391 1927 1950 2147 2245 6240 6243 6341 10532 10592 14432 16384 16386 16419 20805 
10
23 0 2 7 30 35 96 99 164 224 391 1059 1694 1927 1950 5155 5790 9666 10119 16384 16386 16419 20805 125024 
11
23 0 2 7 30 35 96 99 164 224 325 926 1248 1927 1950 2373 9666 10119 14432 17408 17410 17443 19875 46750 
12
24 0 2 7 30 35 96 99 164 224 325 926 1310 1927 1950 2055 2144 10532 10592 14432 30816 32768 32770 32803 33093 
13
24 0 2 7 30 35 96 99 164 224 325 926 1310 1927 1950 3358 3491 4096 4098 4131 5155 12544 12546 12613 15779 
14
23 0 2 7 30 35 96 99 197 292 352 864 1182 1438 1927 1950 7966 8770 8800 16896 16898 16931 18117 122976 
15
21 0 2 7 30 35 96 99 197 292 352 670 926 1376 1927 1950 5570 6023 32768 32770 32803 32965 
16
23 0 2 7 30 35 96 99 197 292 352 670 926 1376 1927 1950 5570 6023 8448 8450 8517 9123 55392 56606 
17
24 0 2 7 30 35 96 99 197 292 352 670 926 1694 1733 1927 1950 4096 4098 4131 4643 12544 12546 12613 14149 
18
23 0 2 7 30 35 96 99 197 414 453 578 608 1543 1927 1950 7966 10020 10119 16384 16386 16419 16581 122976 
19
24 0 2 7 30 35 96 99 197 414 453 578 608 1543 1927 1950 5796 6023 30816 32286 32291 33280 33282 33315 33699 
20
21 0 2 7 30 35 96 99 197 414 453 578 608 1543 1927 1950 5796 6023 16384 16386 16419 16581 
21
23 0 2 7 30 35 96 99 197 414 453 578 608 1543 1927 1950 5796 6023 16384 16386 16419 16581 71776 72478 