15
49 0 188036 115094 262112 253591 147031 232957 262113 68988 189818 187746 120218 146997 204150 120782 231100 251882 155511 26026 45675 29579 261608 106080 55636 65174 152235 106212 165631 55612 191868 62946 187171 172758 35408 253780 212608 127479 87694 79350 62688 231989 261983 136166 129195 247807 118514 65062 237215 16559 
16
49 0 255764 46582 262112 144903 177685 207263 190279 104062 239162 127586 14430 244196 195038 244175 42302 211402 103287 104871 258145 131022 239083 210550 240110 243232 259232 105418 57770 56596 81194 238588 236854 9847 244310 181922 208439 181743 257983 240962 24538 238575 261983 153935 56644 149668 91260 13919 262103 37374 
17
49 0 204084 65022 175608 183671 196529 204735 262113 145852 105327 195703 259614 40740 138711 239215 262079 198242 82734 105461 260654 51166 185567 178016 41205 255542 95989 260323 58812 252220 97084 14207 172021 62518 41824 50128 144338 193727 177535 218870 44410 205494 194830 147455 130389 166694 112150 91925 190134 82923 
18
49 0 247588 250118 14488 130743 32209 103737 46373 257980 156030 106274 50778 202272 120796 257222 100284 128064 55167 63487 153703 203204 109764 194119 223719 63246 129015 229343 149463 98167 50538 192303 132550 128194 126955 259940 32751 251255 90091 77183 163509 84846 189867 225279 57839 213663 95570 29989 251391 43947 
19
49 0 109052 129438 255512 245991 41329 119097 195943 177980 261487 202850 194522 253941 110559 240070 126780 176480 34175 92132 171646 103299 124414 251895 80246 102312 136162 212981 116119 237387 55287 261076 237527 226428 122544 260048 15087 99509 130720 253936 65504 82448 162492 145886 122678 167807 112159 33584 234614 9663 
20
49 0 172404 112582 262112 245183 126391 100253 262113 227836 171646 73698 220190 70260 89310 119151 261271 102368 204662 136682 119925 104406 124262 16374 229710 249631 250047 138999 34551 186468 84259 222527 236396 161407 57323 169919 88900 251220 130757 90111 178022 219679 179375 227530 122242 149984 128194 18431 223870 38826 
21
49 0 130692 73638 253432 255263 15765 73081 236965 225212 51114 194018 96858 96869 240124 215526 130364 258507 128354 103914 99445 119255 128199 163799 242154 90020 103303 121534 173511 237407 55287 95528 100341 26239 60154 104196 3051 46150 255199 106495 156890 246699 253150 153343 81007 134911 57343 90031 261759 78478 
22
49 0 243300 169886 251448 259927 62837 176383 165285 259416 103546 70962 69918 187749 192886 150726 260508 167403 170786 105383 98403 247236 52686 36853 178274 217002 241826 211630 165621 146283 121727 259970 4542 193215 102383 63103 15098 255403 147440 249461 52926 215126 161783 152544 128674 182506 129023 94004 247807 5611 
23
49 0 233220 130710 258616 225599 155729 92607 130017 242270 130814 192294 36623 147236 206484 118268 157988 60920 253435 90525 245499 129928 36772 214891 244917 247582 92963 139250 123221 253491 255515 259879 134943 212319 261942 26549 14197 123717 212655 129407 155120 243639 259507 209551 114005 154039 122097 59167 247476 7973 
24
49 0 129852 244222 143328 46911 260369 72121 245665 196478 114158 244658 210063 208032 178364 118750 239678 208376 114143 63927 242300 209807 217007 179007 101873 183120 47413 105744 61883 126544 192090 147065 151287 46523 176101 195647 198466 129060 118386 105463 159569 206622 178103 162357 63151 221829 81759 9982 242051 22831 
25
49 0 165692 63414 176088 261655 175829 258847 238469 146328 173631 249527 95002 25317 190358 52959 196127 44995 15315 260926 133853 37775 15098 41510 124405 257858 186741 135162 62334 248950 257982 179132 4090 179539 114622 262062 16295 193534 138598 262135 24398 226238 32095 39516 250840 43543 48479 28511 245247 71073 
26
49 0 113956 237014 241536 245479 257367 158941 153573 30014 223658 230822 69583 215088 128700 205804 261686 76266 224126 26553 158463 98216 62647 36835 125438 11857 125893 248503 238074 150096 176055 260799 200652 129191 56952 225262 38142 50127 207590 248294 32703 243607 260498 222831 112639 219391 120222 58290 253567 3362 
27
49 0 211196 240902 137200 6279 261749 138041 261735 16344 109630 190135 75919 175653 238988 201679 202558 221131 7130 143294 261751 160673 76919 200694 145639 36419 220127 145599 202744 31797 124632 196159 34409 64577 176063 122099 143294 53895 154117 204475 47781 226036 188013 177240 122405 43132 48377 95689 261797 19019 
28
49 0 133340 153366 138896 254615 52087 112125 216903 150396 212270 120818 122714 31781 237446 137212 197439 256488 109943 116540 100081 198414 48304 225279 252330 89878 76799 76011 137197 141679 208815 111927 52625 228053 259903 255602 243063 92350 223989 256497 32023 124279 259022 208645 44918 154871 93980 52525 255369 36766 
