57
49 0 163492 57054 251856 151799 203479 212697 252417 13884 59519 129250 23134 129781 160150 149964 199964 190403 203384 204605 236764 6913 97265 32631 147566 155166 237407 104063 231930 212112 152008 31151 134600 159542 201654 114530 24472 117944 210167 24187 128510 68488 260665 212590 31735 172917 112258 48487 229028 36031 
58
49 0 193300 120358 168320 256287 128561 74713 16225 81822 204074 135862 109466 260644 153276 246262 250630 69594 120569 111391 5340 128841 244406 233329 127919 130959 30688 220915 53092 261183 55011 159415 104095 260939 95825 120535 142272 113724 261490 249301 128631 219566 126329 32540 196478 79827 53930 146302 130416 34786 
59
49 0 83940 210966 257584 28663 93431 126589 100385 97020 163002 123106 130590 178869 92092 77046 257575 146930 102141 120823 224505 208874 227748 172014 205567 220570 11118 261360 233185 212871 219605 124670 114334 191101 130979 106340 212378 38597 100187 76782 61222 204231 192220 143227 93407 238268 126668 18671 245687 2014 
60
49 0 214780 249318 150496 193439 45719 61439 142885 139992 84463 184951 56010 15732 60311 197884 216870 240883 42737 251901 193759 40714 247862 85735 192935 249370 60263 127359 150870 211766 130778 150984 47015 159609 261563 182780 228831 49278 163550 204440 32735 210376 159378 12032 122581 141751 44855 84216 249438 18258 
61
49 0 65308 241342 134032 68839 171189 95935 216231 196568 20463 57063 37711 246629 13980 233446 116484 47826 179935 195577 97529 64423 55732 249828 168807 180110 191831 210370 233334 212918 42718 61399 67015 116346 128824 255294 22503 241160 227039 153423 16316 216440 18423 14318 255167 144381 53064 98302 188215 17399 
62
49 0 111356 110102 142304 145863 259863 126845 185537 232988 127546 22758 261006 175781 175015 191711 15886 232699 171669 198551 120893 64366 51956 81595 49647 93399 77695 80340 248801 114437 174331 124625 12286 259668 81870 125946 171902 77486 193378 212907 32686 165330 142844 167383 258047 148477 124983 88568 195975 28926 
63
49 0 196004 192966 144416 177471 261943 202749 217255 118460 750 41127 192350 56756 146087 48854 110375 196322 23260 63358 251000 220079 125536 130554 160550 126618 192510 81390 101880 80826 48126 59047 140522 247917 130859 249178 160120 222844 196247 239467 59391 144567 59367 55031 243515 36927 64794 28620 257936 161699 
64
49 0 244348 205822 252248 135495 50039 178169 179431 183896 35546 93438 52754 10877 184087 57228 203268 16272 198765 64349 231934 131591 35829 249777 14686 42543 261074 65535 49660 232575 257981 262135 183046 15863 40307 130811 147071 54051 147071 220195 65531 227199 161754 144540 259476 172300 45055 95147 243074 24495 
65
49 0 129556 19454 47584 20247 212853 122557 48417 144700 5214 14330 144278 81917 96127 130463 58950 35763 161785 221149 194878 198613 175861 13342 80376 3243 3735 208029 907 142602 174892 47003 53118 31902 179673 64778 5293 61469 175221 244135 16283 206757 185631 180159 258772 43026 126227 31997 258055 8158 
66
49 0 86916 260478 172016 138823 119985 82685 77665 249080 124762 254842 251407 44536 137022 262060 237086 136603 212857 106315 103657 200658 75223 42399 248703 87201 120795 253392 173443 171557 218887 65327 136645 95423 117440 37503 32576 54548 75196 237340 25647 69914 162623 179884 120831 240685 130967 56962 230471 24471 
67
49 0 171588 124254 230904 115207 201719 97113 73575 95672 206298 191614 225943 256252 55142 91526 260622 235963 111224 57180 97400 54228 32727 163775 94717 105871 95934 236431 231084 203575 115581 261119 169431 63192 256763 45691 23384 107695 114055 251802 65365 203775 253447 185343 122170 149434 62723 32680 193151 15929 
68
49 0 69140 8798 62576 76799 212597 70329 51877 195544 221783 124026 205978 173044 62302 57316 259694 63418 230140 247514 208943 198231 260087 241011 64190 50284 210906 228593 221774 194611 113625 9172 118730 226839 244695 249490 142943 256192 227060 242759 26378 239932 193148 152823 38779 223735 131071 8655 207297 24413 
69
49 0 96132 30590 171536 196359 228661 257401 240999 29404 98778 120174 145678 97893 127772 72607 187519 179130 55165 256907 238763 114582 253173 245115 63742 151087 70522 130507 190031 104884 31575 91623 183770 173816 36735 259629 79814 119944 95999 233058 196607 243775 211081 163544 113567 175301 65023 79547 243674 22055 
70
49 0 166684 232286 254032 257031 6641 175167 180065 11004 169290 228714 87967 63088 24956 187854 18556 259064 244666 34718 58876 210646 21725 154935 198901 138567 62835 56666 246623 261415 65501 63436 117630 90215 104223 128892 140183 50508 141278 239098 14040 199134 196132 179710 227138 4031 59133 29942 257367 86122 
