29
49 0 55204 237534 248816 6975 255959 261593 238177 92156 261438 45554 65374 257445 93335 23543 113927 77298 124415 232339 227063 184193 64881 65391 246203 233431 65237 77214 107498 171324 61407 245722 249716 259250 108222 59000 208649 58267 244950 249855 16319 74998 189931 142803 128223 236487 124687 58807 241157 17555 
30
49 0 53020 254494 244960 52375 116469 177917 198247 144158 257214 16055 179726 179685 190342 109551 67391 56299 114677 108983 197886 130823 64686 188199 190624 171909 192476 23693 59333 245095 206214 212991 216362 243374 245375 65501 208314 195117 256479 244649 57242 110815 237509 144671 128318 133092 97958 32421 227999 40190 
31
49 0 203324 24326 22208 155575 83953 184191 249825 175896 62911 81634 175198 179440 208540 29436 206599 239562 116185 17853 19711 256428 245217 147303 176549 196419 179900 199103 42733 6190 175003 262052 52607 261806 114165 193598 79827 193482 142783 219860 6902 210879 185827 144628 259312 140650 127953 92146 241591 86721 
32
49 0 48884 119702 122848 120807 40433 204153 14791 104574 209391 240038 238878 142768 181436 124156 123660 239347 57309 233367 126677 212387 101859 116661 113062 108115 128935 163555 133090 244350 110004 128978 56623 243243 37564 257756 202381 56829 128254 243319 22404 98940 261819 154900 57259 151211 76286 45754 259431 2343 
33
49 0 7908 254942 178704 254263 191989 121085 80805 190236 248110 14439 185562 165557 161438 157694 56886 50386 245755 102167 171735 191913 181363 259711 133563 233361 226229 139260 91875 170774 97710 91026 117205 177827 112298 258878 5971 127036 140927 212262 11698 205722 187041 179261 122245 10175 62750 78551 259178 21603 
34
49 0 106036 128798 260000 82591 126901 198431 224519 52696 121150 114487 112478 76960 16300 103911 119838 56784 104415 165779 189181 233384 89527 98224 122916 126810 250295 65533 42655 114505 253358 254935 199080 256058 253871 190097 93097 230824 79865 110523 7591 108602 196511 142166 57687 155637 117564 63150 226380 42439 
35
49 0 132372 253366 219552 179991 61687 246233 98149 128376 142586 245814 257439 79904 254868 231422 171580 215027 87903 21781 236248 247175 199935 163813 256367 214798 129019 122615 255647 202814 83838 255864 198622 57980 3994 71433 228876 49321 212471 237440 32247 237948 243983 202164 110757 198966 130808 64719 252868 48222 
36
49 0 238908 255638 246776 95191 203479 96729 118887 106488 62778 106407 235279 59892 222910 181734 236828 196344 232951 257854 38109 252811 249278 93935 162042 159306 129023 196344 214987 64369 253327 256277 72586 191650 122647 128854 217005 250999 131037 249550 26551 101240 196395 146751 63111 240903 104207 46968 253848 5257 
37
49 0 182076 119270 181912 122271 220021 223487 21607 132828 250030 90098 219530 239397 251284 181735 32799 172274 226807 201149 196851 83749 101857 108523 254005 220959 185328 252340 116683 220991 83898 222678 237503 93882 179850 46867 159738 58584 130935 104358 29923 86743 178775 143765 55637 142469 97410 19428 224053 12031 
38
49 0 251676 245502 98352 253367 1239 231135 95329 122872 239038 216178 248015 31200 179606 214774 245788 173266 101213 233783 106236 182179 261364 196287 256311 159307 168919 171253 173775 89918 118542 259419 34680 61063 44698 258743 16088 124067 130428 251780 157396 203199 252206 186598 88598 150823 130815 97268 193678 14267 
39
49 0 261524 173078 48888 148191 201201 137661 104353 227160 112366 259442 227614 44704 244116 90876 176695 253912 160126 237466 137466 235432 107572 225135 223487 57230 152547 139175 124400 32311 122843 227710 138195 229119 65196 127996 81437 250297 110246 81655 36202 84811 261311 171780 130582 167394 97904 23487 227070 8164 
40
49 0 245476 14142 259744 34463 4945 258393 189281 28664 45487 250086 180110 194277 136103 194780 64534 259064 103902 97171 87167 33678 245243 151342 198826 163798 128932 244679 189118 195171 54256 60197 40883 259639 261804 116648 15103 111768 185791 204471 50678 259067 178146 153002 261847 52519 123842 95184 255050 6104 
41
49 0 81380 194342 153112 78783 106449 155037 27361 3064 161919 162034 75674 163764 13759 161790 261431 8696 188284 138673 196337 26407 77247 69503 152053 147334 194486 6896 51155 196180 188320 229366 501 196310 98105 106361 132001 245118 230901 147068 40728 131495 147350 150191 228154 152498 122735 70570 253862 44592 
42
49 0 36772 122878 123160 63655 95253 235481 243393 112638 37358 15526 199006 36848 106415 48607 96302 98019 114232 243481 130169 195405 248051 44343 205503 232927 39919 193749 224763 171582 114679 15804 56051 238852 180174 193783 1384 57585 175407 212970 48625 201005 194714 178927 97887 172495 126629 31386 242807 84191 
