22
24 0 2 5 7 30 54 64 66 80 176 246 675 992 2757 4032 4037 4160 4162 4176 4707 12484 12485 12534 15045 
23
21 0 2 5 7 30 54 71 194 216 240 728 992 4032 4037 4150 8791 8967 16896 16898 16901 21091 
24
23 0 2 5 7 30 54 71 194 216 240 549 805 992 2272 3040 10340 11040 30750 32768 32770 32773 32822 197600 
25
23 0 2 5 7 30 54 71 194 216 240 549 805 992 2272 3040 6308 7136 12837 32768 32770 32773 32822 183512 
26
24 0 2 5 7 30 54 71 194 216 240 549 805 992 2272 3040 6308 7136 8320 8322 8336 8867 52440 55326 56350 
27
23 0 2 5 7 30 54 71 194 216 240 549 805 992 2272 3040 6308 7136 8320 8322 8336 8867 66528 70181 
28
24 0 2 5 7 30 54 71 194 216 240 549 805 992 2565 4032 4037 4160 4162 4176 4707 12484 12485 12534 15045 
29
24 0 2 5 7 30 54 71 194 216 240 549 805 992 1248 2016 3266 3288 8320 8322 8336 8867 52254 52440 56350 
30
24 0 2 5 7 30 54 71 176 216 240 599 728 992 1777 2016 3671 3800 23582 28423 31774 33280 33282 33285 33443 
31
23 0 2 5 7 30 54 71 176 216 240 599 728 992 1777 2016 3671 3800 16384 16386 16389 16438 66528 185374 
32
24 0 2 5 7 30 54 71 176 216 240 675 992 995 1024 1026 1029 1168 2148 2272 3040 17408 17410 17413 17925 
33
24 0 2 5 7 30 54 71 176 216 240 675 992 995 1124 1248 2016 2048 2050 2053 2192 18432 18434 18437 18949 
34
23 0 2 5 7 30 54 71 176 216 240 599 728 992 1777 2016 3671 3800 4160 4162 4176 4342 28423 52254 
35
8 0 2 3 4 7 10 15 23 
36
1 0 
37
1 0 
38
1 0 
39
1 0 
40
1 0 
41
1 0 
42
1 0 