1
49 0 207748 159446 262112 163703 235729 262047 262113 261240 252590 155378 11994 250080 250108 253127 15292 208840 217845 252085 242287 151444 200420 232362 224447 126839 125951 220965 221669 261364 112548 211701 141028 28918 183317 130474 167175 193812 217631 237350 143979 247815 254182 207146 47331 199557 123051 58278 227686 15105 
2
49 0 231476 244414 197616 176295 262039 129721 117669 224318 257146 159474 211662 212980 216791 109262 163902 52075 142305 162751 191074 146079 51887 114623 179425 241511 154368 32139 226219 93855 125931 163557 246503 212470 228622 59391 81919 256500 80741 249351 151151 235519 254975 228351 111619 153910 124662 49898 249187 38071 
3
49 0 112772 163814 262112 262023 245877 60281 262023 189276 45994 64738 109279 258293 227455 196814 41788 193218 174826 118452 123758 159360 150244 48054 195746 166658 113029 130532 127903 118378 238567 47926 151301 227562 48482 64647 200234 183023 89151 81125 23551 210943 185972 220159 122751 150079 77799 27171 227461 53247 
4
49 0 262044 262022 26872 262039 191669 183551 262113 178942 12991 57462 48794 196272 184030 44652 31807 84578 188646 130218 52334 12928 125599 248815 11493 41830 142122 16357 230295 48814 58293 31621 50069 95523 40959 60459 3695 51814 153909 212654 23551 202751 57087 40673 130433 11754 130231 95894 245418 8067 
5
49 0 253476 219350 79760 26455 112119 147389 222695 146654 118574 252898 200591 60784 136663 247662 257846 203616 135039 134631 167524 199567 155587 203618 26084 94783 194858 154991 225572 118410 245306 78847 12267 252020 52836 130767 166196 123722 96375 129386 161855 248118 244735 208725 109551 218642 118615 31232 258006 45022 
6
49 0 125948 48822 127664 210807 99575 180185 262113 123614 154094 147058 16206 219696 231254 48614 198548 257763 94015 234468 249398 246660 233194 36462 126199 221959 15294 94172 226283 212514 225220 229135 151374 179262 97571 59363 245346 93045 227615 245360 32766 258869 180070 205474 109550 203503 124724 56436 225093 7786 
7
49 0 126132 210646 167832 261719 243541 165535 262113 208792 79983 174566 193487 254560 41471 228591 115092 198243 119598 36769 39543 197062 114635 159591 141541 242439 121142 73162 242595 7799 42743 65407 248666 245093 243710 259402 134719 64362 126678 245524 192043 78111 192983 161634 106364 208294 78127 48939 238231 53223 
8
48 0 127956 12510 116376 248423 118001 261599 117925 180670 3199 49762 15194 51749 20479 190284 98231 246211 181044 143266 48224 46016 191444 180035 123334 18987 211959 183780 207914 174718 29376 181008 176176 178149 194500 16118 195546 146375 207872 23334 196980 55909 177887 260395 4068 127107 12263 192487 86375 
9
48 0 109980 159094 77656 211111 81237 16281 251367 261886 210878 251506 204238 138676 219348 219334 15806 235491 242542 11766 220799 77250 26090 147010 156132 261823 126887 182782 168675 252259 251759 217463 247652 135799 153664 162496 105800 161100 80311 250015 29398 239676 260822 147342 127208 154312 125655 63343 255872 
10
49 0 158940 151998 262112 65183 132529 200575 249191 171064 241151 159078 259615 257653 186335 102628 248220 186435 142135 15855 199274 29632 257350 192374 102895 214663 94207 253160 251620 252284 81347 225748 225141 30431 184180 261999 235503 61670 95743 250062 152075 247264 256462 224182 124079 153303 128444 28783 259490 41124 
11
49 0 226996 255390 262112 244887 28631 112793 85447 229112 118138 125559 178079 165493 89588 47335 64572 261600 149862 112629 52343 59328 249323 40958 80067 52997 113376 252159 111598 158844 124318 129532 115563 261251 32247 225195 114212 59765 199679 252964 28587 243034 196438 208324 65311 218935 93751 50804 259364 36826 
12
49 0 200500 137342 79760 132503 165109 200061 170471 208472 151022 191346 210719 196448 233342 81518 244927 253282 254826 215012 52260 116702 126147 110420 145652 114432 180166 187631 169967 253046 176064 260079 248790 196255 48639 247414 204660 252640 73727 241102 64830 92159 227039 208335 60903 170671 130339 35956 252831 4069 
13
49 0 78292 106214 81848 112935 56917 147135 52615 51484 167359 91110 47647 65328 259324 48972 61852 143339 62310 64503 176767 10183 15846 130786 190967 6076 23543 162255 63447 194908 172454 15210 36823 95967 46554 190223 81455 129662 178435 199364 14368 243179 162946 144812 226496 174304 124327 28671 242830 83434 
14
49 0 255796 237470 135672 126399 245815 144957 147877 235192 198015 48690 115674 121956 123007 260550 150972 90563 198015 173550 219242 121759 15812 157663 250318 95878 218564 89768 115880 56950 240519 222684 219582 161495 90095 249543 114454 93264 229253 251375 134830 234398 258818 143143 65330 132674 93492 61349 225279 33255 
