24
 0  1 -1  1  0  0  0  0 
-1  0  0  1  0  0  0  0 
 1  0  0  0 -1  0  0  0 
-1 -1  0  0  0  1  0  0 
 0  0  1  0  0  0 -1  1 
 0  0  0 -1  0  0  1  1 
 0  0  0  0  1 -1  0  1 
 0  0  0  0 -1 -1 -1  0 
147
 0 -1 -1  1  0  0  0  0 
 1  0  1  1  0  0  0  0 
 1 -1  0  0 -1  0  0  0 
-1 -1  0  0  0  1  0  0 
 0  0  1  0  0  0  0 -1 
 0  0  0 -1  0  0  1  1 
 0  0  0  0  0 -1  0  1 
 0  0  0  0  1 -1 -1  0 
14
 0  1  1 -1  0  0  0  0 
-1  0  1  0  1  0  0  0 
-1 -1  0  0  0  1  0  0 
 1  0  0  0  1  0 -1  0 
 0 -1  0 -1  0  0  0  1 
 0  0 -1  0  0  0  1  0 
 0  0  0  1  0 -1  0  1 
 0  0  0  0 -1  0 -1  0 
21
 0  1  1 -1  0  0  0  0 
-1  0  1  0  1  0  0  0 
-1 -1  0  0  0  1  0  0 
 1  0  0  0  1  0 -1  0 
 0 -1  0 -1  0  0  0  1 
 0  0 -1  0  0  0  1  0 
 0  0  0  1  0 -1  0  1 
 0  0  0  0 -1  0 -1  0 
42
 0  1  1 -1  0  0  0  0 
-1  0  1  0  1  0  0  0 
-1 -1  0  0  0  1  0  0 
 1  0  0  0  1  0 -1  0 
 0 -1  0 -1  0  0  0  1 
 0  0 -1  0  0  0  1  0 
 0  0  0  1  0 -1  0  1 
 0  0  0  0 -1  0 -1  0 
12
 0  1  1 -1  0  0  0  0 
-1  0 -1  0  1  0  0  0 
-1  1  0  0  0  0  0  0 
 1  0  0  0  1  0 -1  0 
 0 -1  0 -1  0  0  0  1 
 0  0  0  0  0  0  1  1 
 0  0  0  1  0 -1  0  1 
 0  0  0  0 -1 -1 -1  0 
56
 0  1  1 -1  0  0  0  0 
-1  0 -1  0  1  0  0  0 
-1  1  0  0  0  0  0  0 
 1  0  0  0  1  0 -1  0 
 0 -1  0 -1  0  0  0  1 
 0  0  0  0  0  0  1  1 
 0  0  0  1  0 -1  0  1 
 0  0  0  0 -1 -1 -1  0 
59
 0  1  1 -1  0  0  0  0 
-1  0 -1  0  1  0  0  0 
-1  1  0  0  0  0  0  0 
 1  0  0  0  1  0 -1  0 
 0 -1  0 -1  0  0  0  1 
 0  0  0  0  0  0  1  1 
 0  0  0  1  0 -1  0  1 
 0  0  0  0 -1 -1 -1  0 
77
 0  1  1 -1  0  0  0  0 
-1  0 -1  0  1  0  0  0 
-1  1  0  0  0  1  0  0 
 1  0  0  0  1  0 -1  0 
 0 -1  0 -1  0  0  0  0 
 0  0 -1  0  0  0  1  1 
 0  0  0  1  0 -1  0  1 
 0  0  0  0  0 -1 -1  0 
250
 0  1  1 -1  0  0  0  0 
-1  0 -1  0  1  0  0  0 
-1  1  0  0  0  0  0  0 
 1  0  0  0  1  0 -1  0 
 0 -1  0 -1  0  0  0  1 
 0  0  0  0  0  0  1  1 
 0  0  0  1  0 -1  0  1 
 0  0  0  0 -1 -1 -1  0 
66
 0 -1 -1  1  0  0  0  0 
 1  0 -1  0  1  0  0  0 
 1  1  0  0  0 -1  0  0 
-1  0  0  0  1  0 -1  0 
 0 -1  0 -1  0  0  0  1 
 0  0  1  0  0  0  0  1 
 0  0  0  1  0  0  0  1 
 0  0  0  0 -1 -1 -1  0 
134
 0  1  0  1  0  0  0  0 
-1  0  1  0 -1  0  0  0 
 0 -1  0  0  0  1  0  0 
-1  0  0  0  1  0  1  0 
 0  1  0 -1  0  0  0 -1 
 0  0 -1  0  0  0  1  1 
 0  0  0 -1  0 -1  0  1 
 0  0  0  0  1 -1 -1  0 
318
 0  1  0  1  0  0  0  0 
-1  0  1  0 -1  0  0  0 
 0 -1  0  0  0  1  0  0 
-1  0  0  0  1  0  1  0 
 0  1  0 -1  0  0  0 -1 
 0  0 -1  0  0  0  1  1 
 0  0  0 -1  0 -1  0  1 
 0  0  0  0  1 -1 -1  0 
338
 0  1  0  1  0  0  0  0 
-1  0  1  0 -1  0  0  0 
 0 -1  0  0  0  1  0  0 
-1  0  0  0  1  0  1  0 
 0  1  0 -1  0  0  0 -1 
 0  0 -1  0  0  0  1  1 
 0  0  0 -1  0 -1  0  1 
 0  0  0  0  1 -1 -1  0 
30
 0 -1  1  1  0  0  0  0 
 1  0  1  0 -1  0  0  0 
-1 -1  0  0  0  1  0  0 
-1  0  0  0  1  0  0  0 
 0  1  0 -1  0  0  0 -1 
 0  0 -1  0  0  0  1  1 
 0  0  0  0  0 -1  0  1 
 0  0  0  0  1 -1 -1  0 
176
 0 -1  1  0  0  0  0  0 
 1  0  1  0 -1  0  0  0 
-1 -1  0  0  0  1  0  0 
 0  0  0  0  1  0  1  0 
 0  1  0 -1  0  0  0 -1 
 0  0 -1  0  0  0  1  1 
 0  0  0 -1  0 -1  0  1 
 0  0  0  0  1 -1 -1  0 
43
 0  0 -1  1  0  0  0  0 
 0  0  1  0 -1  0  0  0 
 1 -1  0  0  0  1  0  0 
-1  0  0  0  1  0  1  0 
 0  1  0 -1  0  0  0 -1 
 0  0 -1  0  0  0  1  1 
 0  0  0 -1  0 -1  0  1 
 0  0  0  0  1 -1 -1  0 
144
 0 -1  1 -1  0  0  0  0 
 1  0  1  0 -1  0  0  0 
-1 -1  0  0  0  1  0  0 
 1  0  0  0  1  0  0  0 
 0  1  0 -1  0  0  0 -1 
 0  0 -1  0  0  0  1  1 
 0  0  0  0  0 -1  0  1 
 0  0  0  0  1 -1 -1  0 
177
 0 -1  1 -1  0  0  0  0 
 1  0  1  0 -1  0  0  0 
-1 -1  0  0  0  1  0  0 
 1  0  0  0  1  0  0  0 
 0  1  0 -1  0  0  0 -1 
 0  0 -1  0  0  0  1  1 
 0  0  0  0  0 -1  0  1 
 0  0  0  0  1 -1 -1  0 
316
 0 -1  1 -1  0  0  0  0 
 1  0  1  0 -1  0  0  0 
-1 -1  0  0  0  1  0  0 
 1  0  0  0  0  0  1  0 
 0  1  0  0  0  0  0 -1 
 0  0 -1  0  0  0  1  1 
 0  0  0 -1  0 -1  0  1 
 0  0  0  0  1 -1 -1  0 
41
 0 -1  1  0  0  0  0  0 
 1  0  1  0 -1  0  0  0 
-1 -1  0  0  0  1  0  0 
 0  0  0  0 -1  0  1  0 
 0  1  0  1  0  0  0 -1 
 0  0 -1  0  0  0  1  1 
 0  0  0 -1  0 -1  0  1 
 0  0  0  0  1 -1 -1  0 
173
 0  1  0 -1  0  0  0  0 
-1  0  1  0 -1  0  0  0 
 0 -1  0  0  0  1  0  0 
 1  0  0  0 -1  0  1  0 
 0  1  0  1  0  0  0 -1 
 0  0 -1  0  0  0  1  1 
 0  0  0 -1  0 -1  0  1 
 0  0  0  0  1 -1 -1  0 
179
 0  1  1 -1  0  0  0  0 
-1  0  1  0 -1  0  0  0 
-1 -1  0  0  0  1  0  0 
 1  0  0  0 -1  0  0  0 
 0  1  0  1  0  0  0 -1 
 0  0 -1  0  0  0  1  1 
 0  0  0  0  0 -1  0  1 
 0  0  0  0  1 -1 -1  0 
253
 0  1  0 -1  0  0  0  0 
-1  0  1  0 -1  0  0  0 
 0 -1  0  0  0  1  0  0 
 1  0  0  0 -1  0  1  0 
 0  1  0  1  0  0  0 -1 
 0  0 -1  0  0  0  1  1 
 0  0  0 -1  0 -1  0  1 
 0  0  0  0  1 -1 -1  0 
25
 0 -1  1 -1  0  0  0  0 
 1  0  1  0 -1  0  0  0 
-1 -1  0  0  0  1  0  0 
 1  0  0  0  1  0 -1  0 
 0  1  0 -1  0  0  0 -1 
 0  0 -1  0  0  0  1  1 
 0  0  0  1  0 -1  0  0 
 0  0  0  0  1 -1  0  0 
185
 0 -1  1 -1  0  0  0  0 
 1  0  1  0 -1  0  0  0 
-1 -1  0  0  0  1  0  0 
 1  0  0  0  1  0 -1  0 
 0  1  0 -1  0  0  0 -1 
 0  0 -1  0  0  0  1  1 
 0  0  0  1  0 -1  0  0 
 0  0  0  0  1 -1  0  0 
209
 0 -1  1 -1  0  0  0  0 
 1  0  1  0 -1  0  0  0 
-1 -1  0  0  0  1  0  0 
 1  0  0  0  1  0 -1  0 
 0  1  0 -1  0  0  0 -1 
 0  0 -1  0  0  0  1  1 
 0  0  0  1  0 -1  0  0 
 0  0  0  0  1 -1  0  0 
277
 0 -1  1 -1  0  0  0  0 
 1  0  1  0 -1  0  0  0 
-1 -1  0  0  0  1  0  0 
 1  0  0  0  1  0 -1  0 
 0  1  0 -1  0  0  0 -1 
 0  0 -1  0  0  0  1  1 
 0  0  0  1  0 -1  0  0 
 0  0  0  0  1 -1  0  0 
143
 0  1  1 -1  0  0  0  0 
-1  0  1  0  0  0  0  0 
-1 -1  0  0  0  1  0  0 
 1  0  0  0 -1  0 -1  0 
 0  0  0  1  0  0  0 -1 
 0  0 -1  0  0  0  1  1 
 0  0  0  1  0 -1  0  1 
 0  0  0  0  1 -1 -1  0 
39
 0  1  1 -1  0  0  0  0 
-1  0 -1  0  0  0  0  0 
-1  1  0  0  0  1  0  0 
 1  0  0  0 -1  0 -1  0 
 0  0  0  1  0  0  0 -1 
 0  0 -1  0  0  0  1  1 
 0  0  0  1  0 -1  0  1 
 0  0  0  0  1 -1 -1  0 
47
 0  0  1 -1  0  0  0  0 
 0  0 -1  0  1  0  0  0 
-1  1  0  0  0  1  0  0 
 1  0  0  0 -1  0 -1  0 
 0 -1  0  1  0  0  0 -1 
 0  0 -1  0  0  0  1  1 
 0  0  0  1  0 -1  0  1 
 0  0  0  0  1 -1 -1  0 
51
 0  0  1 -1  0  0  0  0 
 0  0 -1  0  1  0  0  0 
-1  1  0  0  0  1  0  0 
 1  0  0  0 -1  0 -1  0 
 0 -1  0  1  0  0  0 -1 
 0  0 -1  0  0  0  1  1 
 0  0  0  1  0 -1  0  1 
 0  0  0  0  1 -1 -1  0 
343
 0  0  1 -1  0  0  0  0 
 0  0  1  0 -1  0  0  0 
-1 -1  0  0  0  1  0  0 
 1  0  0  0 -1  0 -1  0 
 0  1  0  1  0  0  0 -1 
 0  0 -1  0  0  0  1  1 
 0  0  0  1  0 -1  0  1 
 0  0  0  0  1 -1 -1  0 
76
 0  1  0  1  0  0  0  0 
-1  0  1  0 -1  0  0  0 
 0 -1  0  0  0  1  0  0 
-1  0  0  0  1  0  1  0 
 0  1  0 -1  0  0  0 -1 
 0  0 -1  0  0  0 -1  1 
 0  0  0 -1  0  1  0  1 
 0  0  0  0  1 -1 -1  0 
