3
388
0
2
4
5
6
7
20
22
23
30
52
54
64
65
66
67
68
69
70
71
80
81
82
83
84
85
86
87
88
89
90
91
92
93
94
95
112
113
114
115
116
117
118
119
192
193
194
195
196
197
198
199
208
209
210
211
212
213
214
215
216
217
218
219
220
221
222
223
240
241
242
243
244
245
246
247
320
322
323
324
325
326
327
330
332
333
334
335
340
342
343
350
352
354
355
356
357
358
359
362
364
365
366
367
372
374
375
382
384
386
387
388
389
390
391
394
396
397
398
399
404
406
407
414
416
418
419
420
421
422
423
426
428
429
430
431
436
438
439
446
448
449
450
451
452
453
454
455
456
457
458
459
460
461
462
463
464
465
466
467
468
469
470
471
472
473
474
475
476
477
478
479
480
481
482
483
484
485
486
487
488
489
490
491
492
493
494
495
496
497
498
499
500
501
502
503
504
505
506
507
508
509
510
511
960
962
963
964
965
966
967
970
972
973
974
975
980
982
983
990
992
994
995
996
997
998
999
1002
1004
1005
1006
1007
1012
1014
1015
1022
1344
1346
1348
1349
1350
1351
1364
1366
1367
1374
1396
1398
1408
1409
1410
1411
1412
1413
1414
1415
1424
1425
1426
1427
1428
1429
1430
1431
1432
1433
1434
1435
1436
1437
1438
1439
1456
1457
1458
1459
1460
1461
1462
1463
1472
1473
1474
1475
1476
1477
1478
1479
1488
1489
1490
1491
1492
1493
1494
1495
1496
1497
1498
1499
1500
1501
1502
1503
1520
1521
1522
1523
1524
1525
1526
1527
1728
1729
1730
1731
1732
1733
1734
1735
1744
1745
1746
1747
1748
1749
1750
1751
1752
1753
1754
1755
1756
1757
1758
1759
1776
1777
1778
1779
1780
1781
1782
1783
1984
1986
1987
1988
1989
1990
1991
1994
1996
1997
1998
1999
2004
2006
2007
2014
2016
2018
2019
2020
2021
2022
2023
2026
2028
2029
2030
2031
2036
2038
2039
2046
4032
4034
4036
4037
4038
4039
4052
4054
4055
4062
4084
4086
