1
272
0
2
3
6
7
10
12
14
15
30
32
34
35
36
37
38
39
42
44
45
46
47
52
54
55
62
96
98
99
102
103
106
108
110
111
128
130
131
132
133
134
135
138
140
141
142
143
148
150
151
160
162
163
164
165
166
167
170
172
173
174
175
180
182
183
192
194
195
196
197
198
199
202
204
205
206
207
212
214
224
226
227
228
229
230
231
234
236
237
238
244
246
256
258
259
260
261
262
263
266
268
269
270
276
278
288
290
291
292
293
294
295
298
300
301
302
308
310
320
322
323
324
325
326
327
330
332
333
334
340
352
354
355
356
357
358
359
362
364
365
372
384
386
387
388
389
390
391
394
396
397
404
416
418
419
420
421
422
423
426
428
429
436
448
450
451
452
453
454
455
458
460
461
480
482
483
484
485
486
487
492
493
640
642
643
646
647
652
672
674
675
676
677
678
679
684
685
736
738
739
742
748
768
770
771
772
773
774
780
781
800
802
803
804
805
806
812
813
832
834
835
836
837
838
844
864
866
867
868
869
870
896
898
899
900
901
902
928
930
931
932
933
934
960
962
963
964
966
992
994
996
998
1280
1282
1286
1312
1314
1316
1318
1376
1378
1408
1410
1412
1440
1442
1444
1472
1474
1504
1920
1952
