5
256
0
1
2
3
4
5
6
7
8
9
10
11
12
13
14
15
16
17
18
19
20
21
22
23
24
25
26
27
28
29
30
31
32
34
35
36
37
38
39
42
43
44
46
47
50
54
55
64
65
66
67
68
69
70
71
72
73
74
75
76
77
78
79
80
81
82
83
84
85
86
87
88
89
90
91
92
93
94
96
97
98
99
100
101
102
103
104
105
106
107
108
109
110
111
113
114
115
117
118
120
121
123
124
125
128
130
131
132
133
134
135
138
139
140
142
146
150
151
192
193
194
195
196
197
198
199
200
201
202
203
204
205
206
208
209
210
211
212
213
214
215
216
217
218
219
221
225
226
227
229
230
231
232
233
234
235
236
237
238
242
243
246
248
249
251
253
256
257
258
259
260
261
262
263
265
267
268
269
270
272
273
274
275
276
277
278
280
281
283
285
289
291
292
293
294
295
300
301
302
304
305
306
307
308
309
312
313
317
324
325
326
327
333
336
337
338
339
340
341
342
344
345
359
376
377
381
389
391
400
401
402
403
404
405
406
408
409
411
421
423
429
432
433
435
436
437
440
441
455
467
472
473
504
505
586
587
