13
 0  1  1 -1  0  0  0  0 
-1  0 -1  0  1  0  0  0 
-1  1  0  0  0  1  0  0 
 1  0  0  0 -1  0 -1  0 
 0 -1  0  1  0  0  0 -1 
 0  0 -1  0  0  0  1  1 
 0  0  0  1  0 -1  0  1 
 0  0  0  0  1 -1 -1  0 
19
 0  1  1 -1  0  0  0  0 
-1  0 -1  0  1  0  0  0 
-1  1  0  0  0  1  0  0 
 1  0  0  0 -1  0 -1  0 
 0 -1  0  1  0  0  0 -1 
 0  0 -1  0  0  0  1  1 
 0  0  0  1  0 -1  0  1 
 0  0  0  0  1 -1 -1  0 
38
 0  1  1 -1  0  0  0  0 
-1  0 -1  0  1  0  0  0 
-1  1  0  0  0  1  0  0 
 1  0  0  0  1  0 -1  0 
 0 -1  0 -1  0  0  0  1 
 0  0 -1  0  0  0  1  1 
 0  0  0  1  0 -1  0  1 
 0  0  0  0 -1 -1 -1  0 
47
 0  1  1 -1  0  0  0  0 
-1  0  1  0  1  0  0  0 
-1 -1  0  0  0  1  0  0 
 1  0  0  0  1  0 -1  0 
 0 -1  0 -1  0  0  0  1 
 0  0 -1  0  0  0  1  1 
 0  0  0  1  0 -1  0  1 
 0  0  0  0 -1 -1 -1  0 
55
 0  1  1 -1  0  0  0  0 
-1  0 -1  0  1  0  0  0 
-1  1  0  0  0  1  0  0 
 1  0  0  0  1  0 -1  0 
 0 -1  0 -1  0  0  0  1 
 0  0 -1  0  0  0  1  1 
 0  0  0  1  0 -1  0  1 
 0  0  0  0 -1 -1 -1  0 
57
 0  1  1 -1  0  0  0  0 
-1  0  0  0  1  1  0  0 
-1  0  0  0 -1  0  1  0 
 1  0  0  0  0 -1  1  0 
 0 -1  1  0  0  0  0 -1 
 0 -1  0  1  0  0  0  1 
 0  0 -1 -1  0  0  0  1 
 0  0  0  0  1 -1 -1  0 
58
 0  1  1 -1  0  0  0  0 
-1  0  1  0 -1  0  0  0 
-1 -1  0  0  0  1  0  0 
 1  0  0  0 -1  0 -1  0 
 0  1  0  1  0  0  0 -1 
 0  0 -1  0  0  0  1  1 
 0  0  0  1  0 -1  0  1 
 0  0  0  0  1 -1 -1  0 
80
 0  1  1 -1  0  0  0  0 
-1  0  0  0  1  1  0  0 
-1  0  0  0 -1  0  1  0 
 1  0  0  0  0 -1  1  0 
 0 -1  1  0  0  0  0 -1 
 0 -1  0  1  0  0  0  1 
 0  0 -1 -1  0  0  0  1 
 0  0  0  0  1 -1 -1  0 
81
 0  1  1 -1  0  0  0  0 
-1  0  1  0 -1  0  0  0 
-1 -1  0  0  0  1  0  0 
 1  0  0  0 -1  0 -1  0 
 0  1  0  1  0  0  0 -1 
 0  0 -1  0  0  0  1  1 
 0  0  0  1  0 -1  0  1 
 0  0  0  0  1 -1 -1  0 
82
 0  1  1 -1  0  0  0  0 
-1  0  0  0  1  1  0  0 
-1  0  0  0 -1  0  1  0 
 1  0  0  0  0 -1  1  0 
 0 -1  1  0  0  0  0 -1 
 0 -1  0  1  0  0  0  1 
 0  0 -1 -1  0  0  0  1 
 0  0  0  0  1 -1 -1  0 
83
 0  1  1 -1  0  0  0  0 
-1  0  0  0  1  1  0  0 
-1  0  0  0 -1  0  1  0 
 1  0  0  0  0 -1  1  0 
 0 -1  1  0  0  0  0 -1 
 0 -1  0  1  0  0  0  1 
 0  0 -1 -1  0  0  0  1 
 0  0  0  0  1 -1 -1  0 
84
 0  1  1 -1  0  0  0  0 
-1  0  0  0  1  1  0  0 
-1  0  0  0 -1  0  1  0 
 1  0  0  0  0 -1  1  0 
 0 -1  1  0  0  0  0 -1 
 0 -1  0  1  0  0  0  1 
 0  0 -1 -1  0  0  0  1 
 0  0  0  0  1 -1 -1  0 
85
 0  1  1 -1  0  0  0  0 
-1  0  0  0  1  1  0  0 
-1  0  0  0 -1  0  1  0 
 1  0  0  0  0 -1  1  0 
 0 -1  1  0  0  0  0 -1 
 0 -1  0  1  0  0  0  1 
 0  0 -1 -1  0  0  0  1 
 0  0  0  0  1 -1 -1  0 
92
 0  1  1 -1  0  0  0  0 
-1  0  0  0  1  1  0  0 
-1  0  0  0 -1  0  1  0 
 1  0  0  0  0 -1  1  0 
 0 -1  1  0  0  0  0 -1 
 0 -1  0  1  0  0  0  1 
 0  0 -1 -1  0  0  0  1 
 0  0  0  0  1 -1 -1  0 
94
 0  1  1 -1  0  0  0  0 
-1  0  0  0  1  1  0  0 
-1  0  0  0 -1  0  1  0 
 1  0  0  0  0 -1  1  0 
 0 -1  1  0  0  0  0 -1 
 0 -1  0  1  0  0  0  1 
 0  0 -1 -1  0  0  0  1 
 0  0  0  0  1 -1 -1  0 
96
 0  1  1 -1  0  0  0  0 
-1  0  1  0 -1  0  0  0 
-1 -1  0  0  0  1  0  0 
 1  0  0  0 -1  0 -1  0 
 0  1  0  1  0  0  0 -1 
 0  0 -1  0  0  0  1  1 
 0  0  0  1  0 -1  0  1 
 0  0  0  0  1 -1 -1  0 
97
 0  1 -1  1  0  0  0  0 
-1  0  0  0  1 -1  0  0 
 1  0  0  0  1  0 -1  0 
-1  0  0  0  0  1  0 -1 
 0 -1 -1  0  0  0  0  1 
 0  1  0 -1  0  0  1  0 
 0  0  1  0  0 -1  0  1 
 0  0  0  1 -1  0 -1  0 
101
 0 -1 -1  1  0  0  0  0 
 1  0  0  0 -1  1  0  0 
 1  0  0  0  1  0 -1  0 
-1  0  0  0  0  1  0  1 
 0  1 -1  0  0  0  0 -1 
 0 -1  0 -1  0  0  1  0 
 0  0  1  0  0 -1  0  1 
 0  0  0 -1  1  0 -1  0 
103
 0  1  1 -1  0  0  0  0 
-1  0  1  0 -1  0  0  0 
-1 -1  0  0  0  1  0  0 
 1  0  0  0 -1  0 -1  0 
 0  1  0  1  0  0  0 -1 
 0  0 -1  0  0  0  1  1 
 0  0  0  1  0 -1  0  1 
 0  0  0  0  1 -1 -1  0 
104
 0  1  1 -1  0  0  0  0 
-1  0  0  0  1  1  0  0 
-1  0  0  0 -1  0  1  0 
 1  0  0  0  0 -1  1  0 
 0 -1  1  0  0  0  0 -1 
 0 -1  0  1  0  0  0  1 
 0  0 -1 -1  0  0  0  1 
 0  0  0  0  1 -1 -1  0 
105
 0  1  1  1  0  0  0  0 
-1  0  0  0 -1  1  0  0 
-1  0  0  0  1  0 -1  0 
-1  0  0  0  0 -1  1  0 
 0  1 -1  0  0  0  0  1 
 0 -1  0  1  0  0  0  1 
 0  0  1 -1  0  0  0  1 
 0  0  0  0 -1 -1 -1  0 
109
 0  1  1 -1  0  0  0  0 
-1  0  0  0  1  1  0  0 
-1  0  0  0 -1  0  1  0 
 1  0  0  0  0 -1  1  0 
 0 -1  1  0  0  0  0 -1 
 0 -1  0  1  0  0  0  1 
 0  0 -1 -1  0  0  0  1 
 0  0  0  0  1 -1 -1  0 
110
 0  1  1 -1  0  0  0  0 
-1  0  0  0  1  1  0  0 
-1  0  0  0 -1  0  1  0 
 1  0  0  0  0 -1  1  0 
 0 -1  1  0  0  0  0 -1 
 0 -1  0  1  0  0  0  1 
 0  0 -1 -1  0  0  0  1 
 0  0  0  0  1 -1 -1  0 
121
 0  1  1 -1  0  0  0  0 
-1  0  1  0 -1  0  0  0 
-1 -1  0  0  0  1  0  0 
 1  0  0  0 -1  0 -1  0 
 0  1  0  1  0  0  0 -1 
 0  0 -1  0  0  0  1  1 
 0  0  0  1  0 -1  0  1 
 0  0  0  0  1 -1 -1  0 
129
 0  1  1 -1  0  0  0  0 
-1  0  1  0  1  0  0  0 
-1 -1  0  0  0  1  0  0 
 1  0  0  0  1  0 -1  0 
 0 -1  0 -1  0  0  0  1 
 0  0 -1  0  0  0  1  1 
 0  0  0  1  0 -1  0  1 
 0  0  0  0 -1 -1 -1  0 
130
 0  1  1 -1  0  0  0  0 
-1  0  0  0  1  1  0  0 
-1  0  0  0 -1  0  1  0 
 1  0  0  0  0 -1  1  0 
 0 -1  1  0  0  0  0 -1 
 0 -1  0  1  0  0  0  1 
 0  0 -1 -1  0  0  0  1 
 0  0  0  0  1 -1 -1  0 
131
 0  1  1 -1  0  0  0  0 
-1  0  1  0 -1  0  0  0 
-1 -1  0  0  0  1  0  0 
 1  0  0  0 -1  0 -1  0 
 0  1  0  1  0  0  0 -1 
 0  0 -1  0  0  0  1  1 
 0  0  0  1  0 -1  0  1 
 0  0  0  0  1 -1 -1  0 
139
 0  1  1 -1  0  0  0  0 
-1  0  1  0 -1  0  0  0 
-1 -1  0  0  0  1  0  0 
 1  0  0  0 -1  0 -1  0 
 0  1  0  1  0  0  0 -1 
 0  0 -1  0  0  0  1  1 
 0  0  0  1  0 -1  0  1 
 0  0  0  0  1 -1 -1  0 
140
 0  1  1 -1  0  0  0  0 
-1  0 -1  0  1  0  0  0 
-1  1  0  0  0  1  0  0 
 1  0  0  0 -1  0 -1  0 
 0 -1  0  1  0  0  0 -1 
 0  0 -1  0  0  0  1  1 
 0  0  0  1  0 -1  0  1 
 0  0  0  0  1 -1 -1  0 
153
 0  1  1 -1  0  0  0  0 
-1  0  0  0  1  1  0  0 
-1  0  0  0 -1  0  1  0 
 1  0  0  0  0 -1  1  0 
 0 -1  1  0  0  0  0 -1 
 0 -1  0  1  0  0  0  1 
 0  0 -1 -1  0  0  0  1 
 0  0  0  0  1 -1 -1  0 
164
 0  1  1 -1  0  0  0  0 
-1  0  0  0  1  1  0  0 
-1  0  0  0 -1  0  1  0 
 1  0  0  0  0 -1  1  0 
 0 -1  1  0  0  0  0 -1 
 0 -1  0  1  0  0  0  1 
 0  0 -1 -1  0  0  0  1 
 0  0  0  0  1 -1 -1  0 
171
 0  1  1 -1  0  0  0  0 
-1  0  1  0 -1  0  0  0 
-1 -1  0  0  0  1  0  0 
 1  0  0  0 -1  0 -1  0 
 0  1  0  1  0  0  0 -1 
 0  0 -1  0  0  0  1  1 
 0  0  0  1  0 -1  0  1 
 0  0  0  0  1 -1 -1  0 
181
 0  1  1 -1  0  0  0  0 
-1  0  0  0  1  1  0  0 
-1  0  0  0 -1  0  1  0 
 1  0  0  0  0 -1  1  0 
 0 -1  1  0  0  0  0 -1 
 0 -1  0  1  0  0  0  1 
 0  0 -1 -1  0  0  0  1 
 0  0  0  0  1 -1 -1  0 
185
 0  1  1  1  0  0  0  0 
-1  0  1  0 -1  0  0  0 
-1 -1  0  0  0  1  0  0 
-1  0  0  0  1  0  1  0 
 0  1  0 -1  0  0  0 -1 
 0  0 -1  0  0  0  1  1 
 0  0  0 -1  0 -1  0  1 
 0  0  0  0  1 -1 -1  0 
186
 0  1  1  1  0  0  0  0 
-1  0  0  0 -1  1  0  0 
-1  0  0  0  1  0 -1  0 
-1  0  0  0  0 -1  1  0 
 0  1 -1  0  0  0  0  1 
 0 -1  0  1  0  0  0  1 
 0  0  1 -1  0  0  0  1 
 0  0  0  0 -1 -1 -1  0 
187
 0  1  1 -1  0  0  0  0 
-1  0  0  0  1  1  0  0 
-1  0  0  0 -1  0  1  0 
 1  0  0  0  0 -1  1  0 
 0 -1  1  0  0  0  0 -1 
 0 -1  0  1  0  0  0  1 
 0  0 -1 -1  0  0  0  1 
 0  0  0  0  1 -1 -1  0 
189
 0  1  1 -1  0  0  0  0 
-1  0  1  0 -1  0  0  0 
-1 -1  0  0  0  1  0  0 
 1  0  0  0 -1  0 -1  0 
 0  1  0  1  0  0  0 -1 
 0  0 -1  0  0  0  1  1 
 0  0  0  1  0 -1  0  1 
 0  0  0  0  1 -1 -1  0 
192
 0  1  1 -1  0  0  0  0 
-1  0  1  0 -1  0  0  0 
-1 -1  0  0  0  1  0  0 
 1  0  0  0 -1  0 -1  0 
 0  1  0  1  0  0  0 -1 
 0  0 -1  0  0  0  1  1 
 0  0  0  1  0 -1  0  1 
 0  0  0  0  1 -1 -1  0 
193
 0  1  1 -1  0  0  0  0 
-1  0  0  0  1  1  0  0 
-1  0  0  0 -1  0  1  0 
 1  0  0  0  0 -1  1  0 
 0 -1  1  0  0  0  0 -1 
 0 -1  0  1  0  0  0  1 
 0  0 -1 -1  0  0  0  1 
 0  0  0  0  1 -1 -1  0 
195
 0  1  1 -1  0  0  0  0 
-1  0  0  0  1  1  0  0 
-1  0  0  0 -1  0  1  0 
 1  0  0  0  0 -1  1  0 
 0 -1  1  0  0  0  0 -1 
 0 -1  0  1  0  0  0  1 
 0  0 -1 -1  0  0  0  1 
 0  0  0  0  1 -1 -1  0 
196
 0  1  1 -1  0  0  0  0 
-1  0  1  0 -1  0  0  0 
-1 -1  0  0  0  1  0  0 
 1  0  0  0 -1  0 -1  0 
 0  1  0  1  0  0  0 -1 
 0  0 -1  0  0  0  1  1 
 0  0  0  1  0 -1  0  1 
 0  0  0  0  1 -1 -1  0 
200
 0  1  1 -1  0  0  0  0 
-1  0 -1  0  1  0  0  0 
-1  1  0  0  0  1  0  0 
 1  0  0  0 -1  0 -1  0 
 0 -1  0  1  0  0  0 -1 
 0  0 -1  0  0  0  1  1 
 0  0  0  1  0 -1  0  1 
 0  0  0  0  1 -1 -1  0 
207
 0  1  1 -1  0  0  0  0 
-1  0  1  0 -1  0  0  0 
-1 -1  0  0  0  1  0  0 
 1  0  0  0 -1  0 -1  0 
 0  1  0  1  0  0  0 -1 
 0  0 -1  0  0  0  1  1 
 0  0  0  1  0 -1  0  1 
 0  0  0  0  1 -1 -1  0 
219
 0  1  1 -1  0  0  0  0 
-1  0  0  0  1  1  0  0 
-1  0  0  0 -1  0  1  0 
 1  0  0  0  0 -1  1  0 
 0 -1  1  0  0  0  0 -1 
 0 -1  0  1  0  0  0  1 
 0  0 -1 -1  0  0  0  1 
 0  0  0  0  1 -1 -1  0 
220
 0  1 -1  1  0  0  0  0 
-1  0  0  0 -1  1  0  0 
 1  0  0  0 -1  0  1  0 
-1  0  0  0  0 -1  1  0 
 0  1  1  0  0  0  0  1 
 0 -1  0  1  0  0  0  1 
 0  0 -1 -1  0  0  0  1 
 0  0  0  0 -1 -1 -1  0 
221
 0  1 -1  1  0  0  0  0 
-1  0  1  0 -1  0  0  0 
 1 -1  0  0  0  1  0  0 
-1  0  0  0  1  0  1  0 
 0  1  0 -1  0  0  0 -1 
 0  0 -1  0  0  0  1  1 
 0  0  0 -1  0 -1  0  1 
 0  0  0  0  1 -1 -1  0 
225
 0  1  1 -1  0  0  0  0 
-1  0  0  0  1  1  0  0 
-1  0  0  0 -1  0  1  0 
 1  0  0  0  0 -1  1  0 
 0 -1  1  0  0  0  0 -1 
 0 -1  0  1  0  0  0  1 
 0  0 -1 -1  0  0  0  1 
 0  0  0  0  1 -1 -1  0 
237
 0  1  1 -1  0  0  0  0 
-1  0  0  0  1  1  0  0 
-1  0  0  0 -1  0  1  0 
 1  0  0  0  0 -1  1  0 
 0 -1  1  0  0  0  0 -1 
 0 -1  0  1  0  0  0  1 
 0  0 -1 -1  0  0  0  1 
 0  0  0  0  1 -1 -1  0 
239
 0  1  1  1  0  0  0  0 
-1  0  0  0 -1  1  0  0 
-1  0  0  0  1  0 -1  0 
-1  0  0  0  0 -1  1  0 
 0  1 -1  0  0  0  0  1 
 0 -1  0  1  0  0  0  1 
 0  0  1 -1  0  0  0  1 
 0  0  0  0 -1 -1 -1  0 
244
 0  1  1 -1  0  0  0  0 
-1  0  1  0 -1  0  0  0 
-1 -1  0  0  0  1  0  0 
 1  0  0  0 -1  0 -1  0 
 0  1  0  1  0  0  0 -1 
 0  0 -1  0  0  0  1  1 
 0  0  0  1  0 -1  0  1 
 0  0  0  0  1 -1 -1  0 
255
 0  1  1  1  0  0  0  0 
-1  0  1  0 -1  0  0  0 
-1 -1  0  0  0  1  0  0 
-1  0  0  0  1  0  1  0 
 0  1  0 -1  0  0  0 -1 
 0  0 -1  0  0  0  1  1 
 0  0  0 -1  0 -1  0  1 
 0  0  0  0  1 -1 -1  0 
260
 0  1  1 -1  0  0  0  0 
-1  0  1  0 -1  0  0  0 
-1 -1  0  0  0  1  0  0 
 1  0  0  0 -1  0 -1  0 
 0  1  0  1  0  0  0 -1 
 0  0 -1  0  0  0  1  1 
 0  0  0  1  0 -1  0  1 
 0  0  0  0  1 -1 -1  0 
272
 0  1  1 -1  0  0  0  0 
-1  0  1  0 -1  0  0  0 
-1 -1  0  0  0  1  0  0 
 1  0  0  0 -1  0 -1  0 
 0  1  0  1  0  0  0 -1 
 0  0 -1  0  0  0  1  1 
 0  0  0  1  0 -1  0  1 
 0  0  0  0  1 -1 -1  0 
298
 0  1  1 -1  0  0  0  0 
-1  0  1  0 -1  0  0  0 
-1 -1  0  0  0  1  0  0 
 1  0  0  0 -1  0 -1  0 
 0  1  0  1  0  0  0 -1 
 0  0 -1  0  0  0  1  1 
 0  0  0  1  0 -1  0  1 
 0  0  0  0  1 -1 -1  0 
299
 0  1  1 -1  0  0  0  0 
-1  0  0  0  1  1  0  0 
-1  0  0  0 -1  0  1  0 
 1  0  0  0  0 -1  1  0 
 0 -1  1  0  0  0  0 -1 
 0 -1  0  1  0  0  0  1 
 0  0 -1 -1  0  0  0  1 
 0  0  0  0  1 -1 -1  0 
300
 0  1  1 -1  0  0  0  0 
-1  0  0  0  1  1  0  0 
-1  0  0  0 -1  0  1  0 
 1  0  0  0  0 -1  1  0 
 0 -1  1  0  0  0  0 -1 
 0 -1  0  1  0  0  0  1 
 0  0 -1 -1  0  0  0  1 
 0  0  0  0  1 -1 -1  0 
301
 0  1  1 -1  0  0  0  0 
-1  0  1  0 -1  0  0  0 
-1 -1  0  0  0  1  0  0 
 1  0  0  0 -1  0 -1  0 
 0  1  0  1  0  0  0 -1 
 0  0 -1  0  0  0  1  1 
 0  0  0  1  0 -1  0  1 
 0  0  0  0  1 -1 -1  0 
306
 0  1  1  1  0  0  0  0 
-1  0  0  0 -1  1  0  0 
-1  0  0  0  1  0 -1  0 
-1  0  0  0  0 -1  1  0 
 0  1 -1  0  0  0  0  1 
 0 -1  0  1  0  0  0  1 
 0  0  1 -1  0  0  0  1 
 0  0  0  0 -1 -1 -1  0 
307
 0  1  1 -1  0  0  0  0 
-1  0  1  0 -1  0  0  0 
-1 -1  0  0  0  1  0  0 
 1  0  0  0 -1  0 -1  0 
 0  1  0  1  0  0  0 -1 
 0  0 -1  0  0  0  1  1 
 0  0  0  1  0 -1  0  1 
 0  0  0  0  1 -1 -1  0 
309
 0  1 -1  1  0  0  0  0 
-1  0  0  0 -1  1  0  0 
 1  0  0  0 -1  0  1  0 
-1  0  0  0  0 -1  1  0 
 0  1  1  0  0  0  0  1 
 0 -1  0  1  0  0  0  1 
 0  0 -1 -1  0  0  0  1 
 0  0  0  0 -1 -1 -1  0 
310
 0  1  1 -1  0  0  0  0 
-1  0 -1  0  1  0  0  0 
-1  1  0  0  0  1  0  0 
 1  0  0  0 -1  0 -1  0 
 0 -1  0  1  0  0  0 -1 
 0  0 -1  0  0  0  1  1 
 0  0  0  1  0 -1  0  1 
 0  0  0  0  1 -1 -1  0 
311
 0  1  1 -1  0  0  0  0 
-1  0  1  0 -1  0  0  0 
-1 -1  0  0  0  1  0  0 
 1  0  0  0 -1  0 -1  0 
 0  1  0  1  0  0  0 -1 
 0  0 -1  0  0  0  1  1 
 0  0  0  1  0 -1  0  1 
 0  0  0  0  1 -1 -1  0 
319
 0  1  1 -1  0  0  0  0 
-1  0  1  0 -1  0  0  0 
-1 -1  0  0  0  1  0  0 
 1  0  0  0 -1  0 -1  0 
 0  1  0  1  0  0  0 -1 
 0  0 -1  0  0  0  1  1 
 0  0  0  1  0 -1  0  1 
 0  0  0  0  1 -1 -1  0 
321
 0  1  1 -1  0  0  0  0 
-1  0  1  0 -1  0  0  0 
-1 -1  0  0  0  1  0  0 
 1  0  0  0 -1  0 -1  0 
 0  1  0  1  0  0  0 -1 
 0  0 -1  0  0  0  1  1 
 0  0  0  1  0 -1  0  1 
 0  0  0  0  1 -1 -1  0 
322
 0  1  1 -1  0  0  0  0 
-1  0  1  0 -1  0  0  0 
-1 -1  0  0  0  1  0  0 
 1  0  0  0 -1  0 -1  0 
 0  1  0  1  0  0  0 -1 
 0  0 -1  0  0  0  1  1 
 0  0  0  1  0 -1  0  1 
 0  0  0  0  1 -1 -1  0 
323
 0  1  1 -1  0  0  0  0 
-1  0  1  0 -1  0  0  0 
-1 -1  0  0  0  1  0  0 
 1  0  0  0 -1  0 -1  0 
 0  1  0  1  0  0  0 -1 
 0  0 -1  0  0  0  1  1 
 0  0  0  1  0 -1  0  1 
 0  0  0  0  1 -1 -1  0 
325
 0  1  1 -1  0  0  0  0 
-1  0  1  0 -1  0  0  0 
-1 -1  0  0  0  1  0  0 
 1  0  0  0 -1  0 -1  0 
 0  1  0  1  0  0  0 -1 
 0  0 -1  0  0  0  1  1 
 0  0  0  1  0 -1  0  1 
 0  0  0  0  1 -1 -1  0 
326
 0  1  1 -1  0  0  0  0 
-1  0  1  0 -1  0  0  0 
-1 -1  0  0  0  1  0  0 
 1  0  0  0 -1  0 -1  0 
 0  1  0  1  0  0  0 -1 
 0  0 -1  0  0  0  1  1 
 0  0  0  1  0 -1  0  1 
 0  0  0  0  1 -1 -1  0 
330
 0  1  1 -1  0  0  0  0 
-1  0  0  0  1  1  0  0 
-1  0  0  0 -1  0  1  0 
 1  0  0  0  0 -1  1  0 
 0 -1  1  0  0  0  0 -1 
 0 -1  0  1  0  0  0  1 
 0  0 -1 -1  0  0  0  1 
 0  0  0  0  1 -1 -1  0 
332
 0  1  1 -1  0  0  0  0 
-1  0  1  0 -1  0  0  0 
-1 -1  0  0  0  1  0  0 
 1  0  0  0 -1  0 -1  0 
 0  1  0  1  0  0  0 -1 
 0  0 -1  0  0  0  1  1 
 0  0  0  1  0 -1  0  1 
 0  0  0  0  1 -1 -1  0 
334
 0  1  1 -1  0  0  0  0 
-1  0  1  0 -1  0  0  0 
-1 -1  0  0  0  1  0  0 
 1  0  0  0 -1  0 -1  0 
 0  1  0  1  0  0  0 -1 
 0  0 -1  0  0  0  1  1 
 0  0  0  1  0 -1  0  1 
 0  0  0  0  1 -1 -1  0 
352
 0  1 -1  1  0  0  0  0 
-1  0  0  0 -1  1  0  0 
 1  0  0  0 -1  0  1  0 
-1  0  0  0  0 -1  1  0 
 0  1  1  0  0  0  0  1 
 0 -1  0  1  0  0  0  1 
 0  0 -1 -1  0  0  0  1 
 0  0  0  0 -1 -1 -1  0 
354
 0  1  1  1  0  0  0  0 
-1  0  0  0 -1  1  0  0 
-1  0  0  0  1  0 -1  0 
-1  0  0  0  0 -1  1  0 
 0  1 -1  0  0  0  0  1 
 0 -1  0  1  0  0  0  1 
 0  0  1 -1  0  0  0  1 
 0  0  0  0 -1 -1 -1  0 
363
 0  1  1 -1  0  0  0  0 
-1  0  0  0  1  1  0  0 
-1  0  0  0 -1  0  1  0 
 1  0  0  0  0 -1  1  0 
 0 -1  1  0  0  0  0 -1 
 0 -1  0  1  0  0  0  1 
 0  0 -1 -1  0  0  0  1 
 0  0  0  0  1 -1 -1  0 
366
 0  1  1 -1  0  0  0  0 
-1  0  1  0 -1  0  0  0 
-1 -1  0  0  0  1  0  0 
 1  0  0  0 -1  0 -1  0 
 0  1  0  1  0  0  0 -1 
 0  0 -1  0  0  0  1  1 
 0  0  0  1  0 -1  0  1 
 0  0  0  0  1 -1 -1  0 
369
 0  1  1 -1  0  0  0  0 
-1  0  0  0  1  1  0  0 
-1  0  0  0 -1  0  1  0 
 1  0  0  0  0 -1  1  0 
 0 -1  1  0  0  0  0 -1 
 0 -1  0  1  0  0  0  1 
 0  0 -1 -1  0  0  0  1 
 0  0  0  0  1 -1 -1  0 
374
 0  1  1 -1  0  0  0  0 
-1  0  1  0 -1  0  0  0 
-1 -1  0  0  0  1  0  0 
 1  0  0  0 -1  0 -1  0 
 0  1  0  1  0  0  0 -1 
 0  0 -1  0  0  0  1  1 
 0  0  0  1  0 -1  0  1 
 0  0  0  0  1 -1 -1  0 
375
 0  1  1 -1  0  0  0  0 
-1  0 -1  0  1  0  0  0 
-1  1  0  0  0  1  0  0 
 1  0  0  0 -1  0 -1  0 
 0 -1  0  1  0  0  0 -1 
 0  0 -1  0  0  0  1  1 
 0  0  0  1  0 -1  0  1 
 0  0  0  0  1 -1 -1  0 
381
 0  1  1 -1  0  0  0  0 
-1  0  0  0  1  1  0  0 
-1  0  0  0 -1  0  1  0 
 1  0  0  0  0 -1  1  0 
 0 -1  1  0  0  0  0 -1 
 0 -1  0  1  0  0  0  1 
 0  0 -1 -1  0  0  0  1 
 0  0  0  0  1 -1 -1  0 
382
 0  1  1 -1  0  0  0  0 
-1  0  0  0  1  1  0  0 
-1  0  0  0 -1  0  1  0 
 1  0  0  0  0 -1  1  0 
 0 -1  1  0  0  0  0 -1 
 0 -1  0  1  0  0  0  1 
 0  0 -1 -1  0  0  0  1 
 0  0  0  0  1 -1 -1  0 
385
 0  1  1 -1  0  0  0  0 
-1  0  1  0 -1  0  0  0 
-1 -1  0  0  0  1  0  0 
 1  0  0  0 -1  0 -1  0 
 0  1  0  1  0  0  0 -1 
 0  0 -1  0  0  0  1  1 
 0  0  0  1  0 -1  0  1 
 0  0  0  0  1 -1 -1  0 
389
 0  1  1 -1  0  0  0  0 
-1  0  1  0 -1  0  0  0 
-1 -1  0  0  0  1  0  0 
 1  0  0  0 -1  0 -1  0 
 0  1  0  1  0  0  0 -1 
 0  0 -1  0  0  0  1  1 
 0  0  0  1  0 -1  0  1 
 0  0  0  0  1 -1 -1  0 
391
 0  1  1 -1  0  0  0  0 
-1  0  1  0 -1  0  0  0 
-1 -1  0  0  0  1  0  0 
 1  0  0  0 -1  0 -1  0 
 0  1  0  1  0  0  0 -1 
 0  0 -1  0  0  0  1  1 
 0  0  0  1  0 -1  0  1 
 0  0  0  0  1 -1 -1  0 
392
 0  1  1 -1  0  0  0  0 
-1  0  1  0 -1  0  0  0 
-1 -1  0  0  0  1  0  0 
 1  0  0  0 -1  0 -1  0 
 0  1  0  1  0  0  0 -1 
 0  0 -1  0  0  0  1  1 
 0  0  0  1  0 -1  0  1 
 0  0  0  0  1 -1 -1  0 
397
 0  1 -1  1  0  0  0  0 
-1  0  0  0 -1  1  0  0 
 1  0  0  0 -1  0  1  0 
-1  0  0  0  0 -1  1  0 
 0  1  1  0  0  0  0  1 
 0 -1  0  1  0  0  0  1 
 0  0 -1 -1  0  0  0  1 
 0  0  0  0 -1 -1 -1  0 
406
 0  1  1 -1  0  0  0  0 
-1  0  0  0  1  1  0  0 
-1  0  0  0 -1  0  1  0 
 1  0  0  0  0 -1  1  0 
 0 -1  1  0  0  0  0 -1 
 0 -1  0  1  0  0  0  1 
 0  0 -1 -1  0  0  0  1 
 0  0  0  0  1 -1 -1  0 
419
 0  1  1 -1  0  0  0  0 
-1  0  1  0 -1  0  0  0 
-1 -1  0  0  0  1  0  0 
 1  0  0  0 -1  0 -1  0 
 0  1  0  1  0  0  0 -1 
 0  0 -1  0  0  0  1  1 
 0  0  0  1  0 -1  0  1 
 0  0  0  0  1 -1 -1  0 
420
 0  1  1 -1  0  0  0  0 
-1  0  1  0 -1  0  0  0 
-1 -1  0  0  0  1  0  0 
 1  0  0  0 -1  0 -1  0 
 0  1  0  1  0  0  0 -1 
 0  0 -1  0  0  0  1  1 
 0  0  0  1  0 -1  0  1 
 0  0  0  0  1 -1 -1  0 
426
 0  1  1 -1  0  0  0  0 
-1  0  1  0 -1  0  0  0 
-1 -1  0  0  0  1  0  0 
 1  0  0  0 -1  0 -1  0 
 0  1  0  1  0  0  0 -1 
 0  0 -1  0  0  0  1  1 
 0  0  0  1  0 -1  0  1 
 0  0  0  0  1 -1 -1  0 
428
 0  1  1 -1  0  0  0  0 
-1  0  1  0 -1  0  0  0 
-1 -1  0  0  0  1  0  0 
 1  0  0  0 -1  0 -1  0 
 0  1  0  1  0  0  0 -1 
 0  0 -1  0  0  0  1  1 
 0  0  0  1  0 -1  0  1 
 0  0  0  0  1 -1 -1  0 
444
 0  1  1 -1  0  0  0  0 
-1  0  1  0 -1  0  0  0 
-1 -1  0  0  0  1  0  0 
 1  0  0  0 -1  0 -1  0 
 0  1  0  1  0  0  0 -1 
 0  0 -1  0  0  0  1  1 
 0  0  0  1  0 -1  0  1 
 0  0  0  0  1 -1 -1  0 
445
 0  1  1  1  0  0  0  0 
-1  0  0  0 -1  1  0  0 
-1  0  0  0  1  0 -1  0 
-1  0  0  0  0 -1  1  0 
 0  1 -1  0  0  0  0  1 
 0 -1  0  1  0  0  0  1 
 0  0  1 -1  0  0  0  1 
 0  0  0  0 -1 -1 -1  0 
447
 0  1  1 -1  0  0  0  0 
-1  0  1  0 -1  0  0  0 
-1 -1  0  0  0  1  0  0 
 1  0  0  0 -1  0 -1  0 
 0  1  0  1  0  0  0 -1 
 0  0 -1  0  0  0  1  1 
 0  0  0  1  0 -1  0  1 
 0  0  0  0  1 -1 -1  0 
450
 0  1  1 -1  0  0  0  0 
-1  0  1  0 -1  0  0  0 
-1 -1  0  0  0  1  0  0 
 1  0  0  0 -1  0 -1  0 
 0  1  0  1  0  0  0 -1 
 0  0 -1  0  0  0  1  1 
 0  0  0  1  0 -1  0  1 
 0  0  0  0  1 -1 -1  0 
