62
 0  1 -1  1  0  0  0  0  0  0 
-1  0  0  0  1 -1  0  0  0  0 
 1  0  0  0  1  0 -1  0  0  0 
-1  0  0  0  0  1  0  1  0  0 
 0 -1 -1  0  0  0  0  0  1  0 
 0  1  0 -1  0  0  0  0  0 -1 
 0  0  1  0  0  0  0 -1  1  0 
 0  0  0 -1  0  0  1  0  0  1 
 0  0  0  0 -1  0 -1  0  0  1 
 0  0  0  0  0  1  0 -1 -1  0 
64
 0  1 -1  1  0  0  0  0  0  0 
-1  0  0  0  1 -1  0  0  0  0 
 1  0  0  0  1  0 -1  0  0  0 
-1  0  0  0  0  1  0  1  0  0 
 0 -1 -1  0  0  0  0  0  1  0 
 0  1  0 -1  0  0  0  0  0 -1 
 0  0  1  0  0  0  0 -1  1  0 
 0  0  0 -1  0  0  1  0  0  1 
 0  0  0  0 -1  0 -1  0  0  1 
 0  0  0  0  0  1  0 -1 -1  0 
71
 0  1 -1  1  0  0  0  0  0  0 
-1  0  0  0  1 -1  0  0  0  0 
 1  0  0  0  1  0 -1  0  0  0 
-1  0  0  0  0  1  0  1  0  0 
 0 -1 -1  0  0  0  0  0  1  0 
 0  1  0 -1  0  0  0  0  0 -1 
 0  0  1  0  0  0  0 -1  1  0 
 0  0  0 -1  0  0  1  0  0  1 
 0  0  0  0 -1  0 -1  0  0  1 
 0  0  0  0  0  1  0 -1 -1  0 
72
 0  1 -1  1  0  0  0  0  0  0 
-1  0  0  0  1 -1  0  0  0  0 
 1  0  0  0  1  0 -1  0  0  0 
-1  0  0  0  0  1  0  1  0  0 
 0 -1 -1  0  0  0  0  0  1  0 
 0  1  0 -1  0  0  0  0  0 -1 
 0  0  1  0  0  0  0 -1  1  0 
 0  0  0 -1  0  0  1  0  0  1 
 0  0  0  0 -1  0 -1  0  0  1 
 0  0  0  0  0  1  0 -1 -1  0 
86
 0  1 -1  1  0  0  0  0  0  0 
-1  0  0  0  1 -1  0  0  0  0 
 1  0  0  0  1  0 -1  0  0  0 
-1  0  0  0  0  1  0  1  0  0 
 0 -1 -1  0  0  0  0  0  1  0 
 0  1  0 -1  0  0  0  0  0 -1 
 0  0  1  0  0  0  0 -1  1  0 
 0  0  0 -1  0  0  1  0  0  1 
 0  0  0  0 -1  0 -1  0  0  1 
 0  0  0  0  0  1  0 -1 -1  0 
87
 0  1 -1  1  0  0  0  0  0  0 
-1  0  0  0  1 -1  0  0  0  0 
 1  0  0  0  1  0 -1  0  0  0 
-1  0  0  0  0  1  0  1  0  0 
 0 -1 -1  0  0  0  0  0  1  0 
 0  1  0 -1  0  0  0  0  0 -1 
 0  0  1  0  0  0  0 -1  1  0 
 0  0  0 -1  0  0  1  0  0  1 
 0  0  0  0 -1  0 -1  0  0  1 
 0  0  0  0  0  1  0 -1 -1  0 
89
 0  1  1  1  0  0  0  0  0  0 
-1  0  1  1  0  0  0  0  0  0 
-1 -1  0  0 -1  0  0  0  0  0 
-1 -1  0  0  0 -1  0  0  0  0 
 0  0  1  0  0  0 -1 -1  0  0 
 0  0  0  1  0  0  0  0 -1 -1 
 0  0  0  0  1  0  0  0  1 -1 
 0  0  0  0  1  0  0  0 -1  1 
 0  0  0  0  0  1 -1  1  0  0 
 0  0  0  0  0  1  1 -1  0  0 
90
 0  1 -1  1  0  0  0  0  0  0 
-1  0  0  0  1 -1  0  0  0  0 
 1  0  0  0  1  0 -1  0  0  0 
-1  0  0  0  0  1  0  1  0  0 
 0 -1 -1  0  0  0  0  0  1  0 
 0  1  0 -1  0  0  0  0  0 -1 
 0  0  1  0  0  0  0 -1  1  0 
 0  0  0 -1  0  0  1  0  0  1 
 0  0  0  0 -1  0 -1  0  0  1 
 0  0  0  0  0  1  0 -1 -1  0 
93
 0  1 -1  1  0  0  0  0  0  0 
-1  0  0  0  1 -1  0  0  0  0 
 1  0  0  0  1  0 -1  0  0  0 
-1  0  0  0  0  1  0  1  0  0 
 0 -1 -1  0  0  0  0  0  1  0 
 0  1  0 -1  0  0  0  0  0 -1 
 0  0  1  0  0  0  0 -1  1  0 
 0  0  0 -1  0  0  1  0  0  1 
 0  0  0  0 -1  0 -1  0  0  1 
 0  0  0  0  0  1  0 -1 -1  0 
112
 0  1 -1  1  0  0  0  0  0  0 
-1  0  0  0  1 -1  0  0  0  0 
 1  0  0  0  1  0 -1  0  0  0 
-1  0  0  0  0  1  0  1  0  0 
 0 -1 -1  0  0  0  0  0  1  0 
 0  1  0 -1  0  0  0  0  0 -1 
 0  0  1  0  0  0  0 -1  1  0 
 0  0  0 -1  0  0  1  0  0  1 
 0  0  0  0 -1  0 -1  0  0  1 
 0  0  0  0  0  1  0 -1 -1  0 
122
 0  1 -1  1  0  0  0  0  0  0 
-1  0  0  0  1 -1  0  0  0  0 
 1  0  0  0  1  0 -1  0  0  0 
-1  0  0  0  0  1  0  1  0  0 
 0 -1 -1  0  0  0  0  0  1  0 
 0  1  0 -1  0  0  0  0  0 -1 
 0  0  1  0  0  0  0 -1  1  0 
 0  0  0 -1  0  0  1  0  0  1 
 0  0  0  0 -1  0 -1  0  0  1 
 0  0  0  0  0  1  0 -1 -1  0 
124
 0  1 -1  1  0  0  0  0  0  0 
-1  0  0  0  1 -1  0  0  0  0 
 1  0  0  0  1  0 -1  0  0  0 
-1  0  0  0  0  1  0  1  0  0 
 0 -1 -1  0  0  0  0  0  1  0 
 0  1  0 -1  0  0  0  0  0 -1 
 0  0  1  0  0  0  0 -1  1  0 
 0  0  0 -1  0  0  1  0  0  1 
 0  0  0  0 -1  0 -1  0  0  1 
 0  0  0  0  0  1  0 -1 -1  0 
125
 0  1 -1  1  0  0  0  0  0  0 
-1  0  0  0  1 -1  0  0  0  0 
 1  0  0  0  1  0 -1  0  0  0 
-1  0  0  0  0  1  0  1  0  0 
 0 -1 -1  0  0  0  0  0  1  0 
 0  1  0 -1  0  0  0  0  0 -1 
 0  0  1  0  0  0  0 -1  1  0 
 0  0  0 -1  0  0  1  0  0  1 
 0  0  0  0 -1  0 -1  0  0  1 
 0  0  0  0  0  1  0 -1 -1  0 
127
 0  1 -1  1  0  0  0  0  0  0 
-1  0  0  0  1 -1  0  0  0  0 
 1  0  0  0  1  0 -1  0  0  0 
-1  0  0  0  0  1  0  1  0  0 
 0 -1 -1  0  0  0  0  0  1  0 
 0  1  0 -1  0  0  0  0  0 -1 
 0  0  1  0  0  0  0 -1  1  0 
 0  0  0 -1  0  0  1  0  0  1 
 0  0  0  0 -1  0 -1  0  0  1 
 0  0  0  0  0  1  0 -1 -1  0 
133
 0  1  1 -1  0  0  0  0  0  0 
-1  0 -1  0  1  0  0  0  0  0 
-1  1  0  0  0  1  0  0  0  0 
 1  0  0  0  1  0 -1  0  0  0 
 0 -1  0 -1  0  0  0  1  0  0 
 0  0 -1  0  0  0  1  0  1  0 
 0  0  0  1  0 -1  0  0  0 -1 
 0  0  0  0 -1  0  0  0  1  1 
 0  0  0  0  0 -1  0 -1  0  1 
 0  0  0  0  0  0  1 -1 -1  0 
136
 0  1 -1  1  0  0  0  0  0  0 
-1  0  0  0  1 -1  0  0  0  0 
 1  0  0  0  1  0 -1  0  0  0 
-1  0  0  0  0  1  0  1  0  0 
 0 -1 -1  0  0  0  0  0  1  0 
 0  1  0 -1  0  0  0  0  0 -1 
 0  0  1  0  0  0  0 -1  1  0 
 0  0  0 -1  0  0  1  0  0  1 
 0  0  0  0 -1  0 -1  0  0  1 
 0  0  0  0  0  1  0 -1 -1  0 
141
 0  1  1 -1  0  0  0  0  0  0 
-1  0 -1  0  1  0  0  0  0  0 
-1  1  0  0  0  1  0  0  0  0 
 1  0  0  0  1  0 -1  0  0  0 
 0 -1  0 -1  0  0  0  1  0  0 
 0  0 -1  0  0  0  1  0  1  0 
 0  0  0  1  0 -1  0  0  0 -1 
 0  0  0  0 -1  0  0  0  1  1 
 0  0  0  0  0 -1  0 -1  0  1 
 0  0  0  0  0  0  1 -1 -1  0 
142
 0  1 -1  1  0  0  0  0  0  0 
-1  0  0  0  1 -1  0  0  0  0 
 1  0  0  0  1  0 -1  0  0  0 
-1  0  0  0  0  1  0  1  0  0 
 0 -1 -1  0  0  0  0  0  1  0 
 0  1  0 -1  0  0  0  0  0 -1 
 0  0  1  0  0  0  0 -1  1  0 
 0  0  0 -1  0  0  1  0  0  1 
 0  0  0  0 -1  0 -1  0  0  1 
 0  0  0  0  0  1  0 -1 -1  0 
152
 0  1 -1  1  0  0  0  0  0  0 
-1  0  0  0  1 -1  0  0  0  0 
 1  0  0  0  1  0 -1  0  0  0 
-1  0  0  0  0  1  0  1  0  0 
 0 -1 -1  0  0  0  0  0  1  0 
 0  1  0 -1  0  0  0  0  0 -1 
 0  0  1  0  0  0  0 -1  1  0 
 0  0  0 -1  0  0  1  0  0  1 
 0  0  0  0 -1  0 -1  0  0  1 
 0  0  0  0  0  1  0 -1 -1  0 
154
 0  1 -1  1  0  0  0  0  0  0 
-1  0  0  0  1 -1  0  0  0  0 
 1  0  0  0  1  0 -1  0  0  0 
-1  0  0  0  0  1  0  1  0  0 
 0 -1 -1  0  0  0  0  0  1  0 
 0  1  0 -1  0  0  0  0  0 -1 
 0  0  1  0  0  0  0 -1  1  0 
 0  0  0 -1  0  0  1  0  0  1 
 0  0  0  0 -1  0 -1  0  0  1 
 0  0  0  0  0  1  0 -1 -1  0 
157
 0  1 -1  1  0  0  0  0  0  0 
-1  0  0  0  1 -1  0  0  0  0 
 1  0  0  0  1  0 -1  0  0  0 
-1  0  0  0  0  1  0  1  0  0 
 0 -1 -1  0  0  0  0  0  1  0 
 0  1  0 -1  0  0  0  0  0 -1 
 0  0  1  0  0  0  0 -1  1  0 
 0  0  0 -1  0  0  1  0  0  1 
 0  0  0  0 -1  0 -1  0  0  1 
 0  0  0  0  0  1  0 -1 -1  0 
160
 0  1 -1  1  0  0  0  0  0  0 
-1  0  0  0  1 -1  0  0  0  0 
 1  0  0  0  1  0 -1  0  0  0 
-1  0  0  0  0  1  0  1  0  0 
 0 -1 -1  0  0  0  0  0  1  0 
 0  1  0 -1  0  0  0  0  0 -1 
 0  0  1  0  0  0  0 -1  1  0 
 0  0  0 -1  0  0  1  0  0  1 
 0  0  0  0 -1  0 -1  0  0  1 
 0  0  0  0  0  1  0 -1 -1  0 
165
 0  1 -1  1  0  0  0  0  0  0 
-1  0  0  0  1 -1  0  0  0  0 
 1  0  0  0  1  0 -1  0  0  0 
-1  0  0  0  0  1  0  1  0  0 
 0 -1 -1  0  0  0  0  0  1  0 
 0  1  0 -1  0  0  0  0  0 -1 
 0  0  1  0  0  0  0 -1  1  0 
 0  0  0 -1  0  0  1  0  0  1 
 0  0  0  0 -1  0 -1  0  0  1 
 0  0  0  0  0  1  0 -1 -1  0 
168
 0  1 -1  1  0  0  0  0  0  0 
-1  0  0  0  1 -1  0  0  0  0 
 1  0  0  0  1  0 -1  0  0  0 
-1  0  0  0  0  1  0  1  0  0 
 0 -1 -1  0  0  0  0  0  1  0 
 0  1  0 -1  0  0  0  0  0 -1 
 0  0  1  0  0  0  0 -1  1  0 
 0  0  0 -1  0  0  1  0  0  1 
 0  0  0  0 -1  0 -1  0  0  1 
 0  0  0  0  0  1  0 -1 -1  0 
169
 0  1 -1  1  0  0  0  0  0  0 
-1  0  0  0  1 -1  0  0  0  0 
 1  0  0  0  1  0 -1  0  0  0 
-1  0  0  0  0  1  0  1  0  0 
 0 -1 -1  0  0  0  0  0  1  0 
 0  1  0 -1  0  0  0  0  0 -1 
 0  0  1  0  0  0  0 -1  1  0 
 0  0  0 -1  0  0  1  0  0  1 
 0  0  0  0 -1  0 -1  0  0  1 
 0  0  0  0  0  1  0 -1 -1  0 
180
 0  1 -1  1  0  0  0  0  0  0 
-1  0  0  0  1 -1  0  0  0  0 
 1  0  0  0  1  0 -1  0  0  0 
-1  0  0  0  0  1  0  1  0  0 
 0 -1 -1  0  0  0  0  0  1  0 
 0  1  0 -1  0  0  0  0  0 -1 
 0  0  1  0  0  0  0 -1  1  0 
 0  0  0 -1  0  0  1  0  0  1 
 0  0  0  0 -1  0 -1  0  0  1 
 0  0  0  0  0  1  0 -1 -1  0 
183
 0  1 -1  1  0  0  0  0  0  0 
-1  0  0  0  1 -1  0  0  0  0 
 1  0  0  0  1  0 -1  0  0  0 
-1  0  0  0  0  1  0  1  0  0 
 0 -1 -1  0  0  0  0  0  1  0 
 0  1  0 -1  0  0  0  0  0 -1 
 0  0  1  0  0  0  0 -1  1  0 
 0  0  0 -1  0  0  1  0  0  1 
 0  0  0  0 -1  0 -1  0  0  1 
 0  0  0  0  0  1  0 -1 -1  0 
184
 0  1 -1  1  0  0  0  0  0  0 
-1  0  0  0  1 -1  0  0  0  0 
 1  0  0  0  1  0 -1  0  0  0 
-1  0  0  0  0  1  0  1  0  0 
 0 -1 -1  0  0  0  0  0  1  0 
 0  1  0 -1  0  0  0  0  0 -1 
 0  0  1  0  0  0  0 -1  1  0 
 0  0  0 -1  0  0  1  0  0  1 
 0  0  0  0 -1  0 -1  0  0  1 
 0  0  0  0  0  1  0 -1 -1  0 
188
 0  1 -1  1  0  0  0  0  0  0 
-1  0  0  0  1 -1  0  0  0  0 
 1  0  0  0  1  0 -1  0  0  0 
-1  0  0  0  0  1  0  1  0  0 
 0 -1 -1  0  0  0  0  0  1  0 
 0  1  0 -1  0  0  0  0  0 -1 
 0  0  1  0  0  0  0 -1  1  0 
 0  0  0 -1  0  0  1  0  0  1 
 0  0  0  0 -1  0 -1  0  0  1 
 0  0  0  0  0  1  0 -1 -1  0 
190
 0 -1 -1 -1  0  0  0  0  0  0 
 1  0 -1  1  0  0  0  0  0  0 
 1  1  0  0 -1  0  0  0  0  0 
 1 -1  0  0  0 -1  0  0  0  0 
 0  0  1  0  0  0 -1 -1  0  0 
 0  0  0  1  0  0  0  0 -1 -1 
 0  0  0  0  1  0  0  0  1 -1 
 0  0  0  0  1  0  0  0 -1  1 
 0  0  0  0  0  1 -1  1  0  0 
 0  0  0  0  0  1  1 -1  0  0 
198
 0  1 -1  1  0  0  0  0  0  0 
-1  0  0  0  1 -1  0  0  0  0 
 1  0  0  0  1  0 -1  0  0  0 
-1  0  0  0  0  1  0  1  0  0 
 0 -1 -1  0  0  0  0  0  1  0 
 0  1  0 -1  0  0  0  0  0 -1 
 0  0  1  0  0  0  0 -1  1  0 
 0  0  0 -1  0  0  1  0  0  1 
 0  0  0  0 -1  0 -1  0  0  1 
 0  0  0  0  0  1  0 -1 -1  0 
201
 0  1 -1  1  0  0  0  0  0  0 
-1  0  0  0  1 -1  0  0  0  0 
 1  0  0  0  1  0 -1  0  0  0 
-1  0  0  0  0  1  0  1  0  0 
 0 -1 -1  0  0  0  0  0  1  0 
 0  1  0 -1  0  0  0  0  0 -1 
 0  0  1  0  0  0  0 -1  1  0 
 0  0  0 -1  0  0  1  0  0  1 
 0  0  0  0 -1  0 -1  0  0  1 
 0  0  0  0  0  1  0 -1 -1  0 
210
 0  1 -1  1  0  0  0  0  0  0 
-1  0  0  0  1 -1  0  0  0  0 
 1  0  0  0 -1  0  1  0  0  0 
-1  0  0  0  0  1  0  1  0  0 
 0 -1  1  0  0  0  0  0  1  0 
 0  1  0 -1  0  0  0  0  0 -1 
 0  0 -1  0  0  0  0 -1  1  0 
 0  0  0 -1  0  0  1  0  0  1 
 0  0  0  0 -1  0 -1  0  0  1 
 0  0  0  0  0  1  0 -1 -1  0 
211
 0  1 -1  1  0  0  0  0  0  0 
-1  0  0  0  1 -1  0  0  0  0 
 1  0  0  0  1  0 -1  0  0  0 
-1  0  0  0  0  1  0  1  0  0 
 0 -1 -1  0  0  0  0  0  1  0 
 0  1  0 -1  0  0  0  0  0 -1 
 0  0  1  0  0  0  0 -1  1  0 
 0  0  0 -1  0  0  1  0  0  1 
 0  0  0  0 -1  0 -1  0  0  1 
 0  0  0  0  0  1  0 -1 -1  0 
212
 0  1 -1  1  0  0  0  0  0  0 
-1  0  0  0  1 -1  0  0  0  0 
 1  0  0  0  1  0 -1  0  0  0 
-1  0  0  0  0  1  0  1  0  0 
 0 -1 -1  0  0  0  0  0  1  0 
 0  1  0 -1  0  0  0  0  0 -1 
 0  0  1  0  0  0  0 -1  1  0 
 0  0  0 -1  0  0  1  0  0  1 
 0  0  0  0 -1  0 -1  0  0  1 
 0  0  0  0  0  1  0 -1 -1  0 
213
 0  1 -1  1  0  0  0  0  0  0 
-1  0  0  0  1 -1  0  0  0  0 
 1  0  0  0  1  0 -1  0  0  0 
-1  0  0  0  0  1  0  1  0  0 
 0 -1 -1  0  0  0  0  0  1  0 
 0  1  0 -1  0  0  0  0  0 -1 
 0  0  1  0  0  0  0 -1  1  0 
 0  0  0 -1  0  0  1  0  0  1 
 0  0  0  0 -1  0 -1  0  0  1 
 0  0  0  0  0  1  0 -1 -1  0 
214
 0  1 -1  1  0  0  0  0  0  0 
-1  0  0  0  1 -1  0  0  0  0 
 1  0  0  0  1  0 -1  0  0  0 
-1  0  0  0  0  1  0  1  0  0 
 0 -1 -1  0  0  0  0  0  1  0 
 0  1  0 -1  0  0  0  0  0 -1 
 0  0  1  0  0  0  0 -1  1  0 
 0  0  0 -1  0  0  1  0  0  1 
 0  0  0  0 -1  0 -1  0  0  1 
 0  0  0  0  0  1  0 -1 -1  0 
215
 0  1 -1  1  0  0  0  0  0  0 
-1  0  0  0  1 -1  0  0  0  0 
 1  0  0  0  1  0 -1  0  0  0 
-1  0  0  0  0  1  0  1  0  0 
 0 -1 -1  0  0  0  0  0  1  0 
 0  1  0 -1  0  0  0  0  0 -1 
 0  0  1  0  0  0  0 -1  1  0 
 0  0  0 -1  0  0  1  0  0  1 
 0  0  0  0 -1  0 -1  0  0  1 
 0  0  0  0  0  1  0 -1 -1  0 
218
 0  1 -1  1  0  0  0  0  0  0 
-1  0  0  0  1 -1  0  0  0  0 
 1  0  0  0  1  0 -1  0  0  0 
-1  0  0  0  0  1  0  1  0  0 
 0 -1 -1  0  0  0  0  0  1  0 
 0  1  0 -1  0  0  0  0  0 -1 
 0  0  1  0  0  0  0 -1  1  0 
 0  0  0 -1  0  0  1  0  0  1 
 0  0  0  0 -1  0 -1  0  0  1 
 0  0  0  0  0  1  0 -1 -1  0 
222
 0  1 -1  1  0  0  0  0  0  0 
-1  0  0  0  1 -1  0  0  0  0 
 1  0  0  0  1  0 -1  0  0  0 
-1  0  0  0  0  1  0  1  0  0 
 0 -1 -1  0  0  0  0  0  1  0 
 0  1  0 -1  0  0  0  0  0 -1 
 0  0  1  0  0  0  0 -1  1  0 
 0  0  0 -1  0  0  1  0  0  1 
 0  0  0  0 -1  0 -1  0  0  1 
 0  0  0  0  0  1  0 -1 -1  0 
223
 0  1 -1  1  0  0  0  0  0  0 
-1  0  0  0  1 -1  0  0  0  0 
 1  0  0  0  1  0 -1  0  0  0 
-1  0  0  0  0  1  0  1  0  0 
 0 -1 -1  0  0  0  0  0  1  0 
 0  1  0 -1  0  0  0  0  0 -1 
 0  0  1  0  0  0  0 -1  1  0 
 0  0  0 -1  0  0  1  0  0  1 
 0  0  0  0 -1  0 -1  0  0  1 
 0  0  0  0  0  1  0 -1 -1  0 
224
 0  1 -1  1  0  0  0  0  0  0 
-1  0  0  0  1 -1  0  0  0  0 
 1  0  0  0  1  0 -1  0  0  0 
-1  0  0  0  0  1  0  1  0  0 
 0 -1 -1  0  0  0  0  0  1  0 
 0  1  0 -1  0  0  0  0  0 -1 
 0  0  1  0  0  0  0 -1  1  0 
 0  0  0 -1  0  0  1  0  0  1 
 0  0  0  0 -1  0 -1  0  0  1 
 0  0  0  0  0  1  0 -1 -1  0 
228
 0  1 -1  1  0  0  0  0  0  0 
-1  0  0  0  1 -1  0  0  0  0 
 1  0  0  0  1  0 -1  0  0  0 
-1  0  0  0  0  1  0  1  0  0 
 0 -1 -1  0  0  0  0  0  1  0 
 0  1  0 -1  0  0  0  0  0 -1 
 0  0  1  0  0  0  0 -1  1  0 
 0  0  0 -1  0  0  1  0  0  1 
 0  0  0  0 -1  0 -1  0  0  1 
 0  0  0  0  0  1  0 -1 -1  0 
229
 0  1 -1  1  0  0  0  0  0  0 
-1  0  0  0  1 -1  0  0  0  0 
 1  0  0  0  1  0 -1  0  0  0 
-1  0  0  0  0  1  0  1  0  0 
 0 -1 -1  0  0  0  0  0  1  0 
 0  1  0 -1  0  0  0  0  0 -1 
 0  0  1  0  0  0  0 -1  1  0 
 0  0  0 -1  0  0  1  0  0  1 
 0  0  0  0 -1  0 -1  0  0  1 
 0  0  0  0  0  1  0 -1 -1  0 
231
 0  1 -1  1  0  0  0  0  0  0 
-1  0  0  0  1 -1  0  0  0  0 
 1  0  0  0  1  0 -1  0  0  0 
-1  0  0  0  0  1  0  1  0  0 
 0 -1 -1  0  0  0  0  0  1  0 
 0  1  0 -1  0  0  0  0  0 -1 
 0  0  1  0  0  0  0 -1  1  0 
 0  0  0 -1  0  0  1  0  0  1 
 0  0  0  0 -1  0 -1  0  0  1 
 0  0  0  0  0  1  0 -1 -1  0 
232
 0  1 -1  1  0  0  0  0  0  0 
-1  0  0  0  1 -1  0  0  0  0 
 1  0  0  0  1  0 -1  0  0  0 
-1  0  0  0  0  1  0  1  0  0 
 0 -1 -1  0  0  0  0  0  1  0 
 0  1  0 -1  0  0  0  0  0 -1 
 0  0  1  0  0  0  0 -1  1  0 
 0  0  0 -1  0  0  1  0  0  1 
 0  0  0  0 -1  0 -1  0  0  1 
 0  0  0  0  0  1  0 -1 -1  0 
233
 0  1 -1  1  0  0  0  0  0  0 
-1  0  0  0  1 -1  0  0  0  0 
 1  0  0  0  1  0 -1  0  0  0 
-1  0  0  0  0  1  0  1  0  0 
 0 -1 -1  0  0  0  0  0  1  0 
 0  1  0 -1  0  0  0  0  0 -1 
 0  0  1  0  0  0  0 -1  1  0 
 0  0  0 -1  0  0  1  0  0  1 
 0  0  0  0 -1  0 -1  0  0  1 
 0  0  0  0  0  1  0 -1 -1  0 
234
 0  1 -1  1  0  0  0  0  0  0 
-1  0  0  0  1 -1  0  0  0  0 
 1  0  0  0  1  0 -1  0  0  0 
-1  0  0  0  0  1  0  1  0  0 
 0 -1 -1  0  0  0  0  0  1  0 
 0  1  0 -1  0  0  0  0  0 -1 
 0  0  1  0  0  0  0 -1  1  0 
 0  0  0 -1  0  0  1  0  0  1 
 0  0  0  0 -1  0 -1  0  0  1 
 0  0  0  0  0  1  0 -1 -1  0 
235
 0  1 -1  1  0  0  0  0  0  0 
-1  0  0  0  1 -1  0  0  0  0 
 1  0  0  0  1  0 -1  0  0  0 
-1  0  0  0  0  1  0  1  0  0 
 0 -1 -1  0  0  0  0  0  1  0 
 0  1  0 -1  0  0  0  0  0 -1 
 0  0  1  0  0  0  0 -1  1  0 
 0  0  0 -1  0  0  1  0  0  1 
 0  0  0  0 -1  0 -1  0  0  1 
 0  0  0  0  0  1  0 -1 -1  0 
236
 0  1 -1  1  0  0  0  0  0  0 
-1  0  0  0  1 -1  0  0  0  0 
 1  0  0  0  1  0 -1  0  0  0 
-1  0  0  0  0  1  0  1  0  0 
 0 -1 -1  0  0  0  0  0  1  0 
 0  1  0 -1  0  0  0  0  0 -1 
 0  0  1  0  0  0  0 -1  1  0 
 0  0  0 -1  0  0  1  0  0  1 
 0  0  0  0 -1  0 -1  0  0  1 
 0  0  0  0  0  1  0 -1 -1  0 
238
 0  1 -1  1  0  0  0  0  0  0 
-1  0  0  0  1 -1  0  0  0  0 
 1  0  0  0  1  0 -1  0  0  0 
-1  0  0  0  0  1  0  1  0  0 
 0 -1 -1  0  0  0  0  0  1  0 
 0  1  0 -1  0  0  0  0  0 -1 
 0  0  1  0  0  0  0 -1  1  0 
 0  0  0 -1  0  0  1  0  0  1 
 0  0  0  0 -1  0 -1  0  0  1 
 0  0  0  0  0  1  0 -1 -1  0 
245
 0  1 -1  1  0  0  0  0  0  0 
-1  0  0  0  1 -1  0  0  0  0 
 1  0  0  0  1  0 -1  0  0  0 
-1  0  0  0  0  1  0  1  0  0 
 0 -1 -1  0  0  0  0  0  1  0 
 0  1  0 -1  0  0  0  0  0 -1 
 0  0  1  0  0  0  0 -1  1  0 
 0  0  0 -1  0  0  1  0  0  1 
 0  0  0  0 -1  0 -1  0  0  1 
 0  0  0  0  0  1  0 -1 -1  0 
247
 0  1 -1  1  0  0  0  0  0  0 
-1  0  0  0  1 -1  0  0  0  0 
 1  0  0  0  1  0 -1  0  0  0 
-1  0  0  0  0  1  0  1  0  0 
 0 -1 -1  0  0  0  0  0  1  0 
 0  1  0 -1  0  0  0  0  0 -1 
 0  0  1  0  0  0  0 -1  1  0 
 0  0  0 -1  0  0  1  0  0  1 
 0  0  0  0 -1  0 -1  0  0  1 
 0  0  0  0  0  1  0 -1 -1  0 
251
 0  1 -1  1  0  0  0  0  0  0 
-1  0  0  0  1 -1  0  0  0  0 
 1  0  0  0  1  0 -1  0  0  0 
-1  0  0  0  0  1  0  1  0  0 
 0 -1 -1  0  0  0  0  0  1  0 
 0  1  0 -1  0  0  0  0  0 -1 
 0  0  1  0  0  0  0 -1  1  0 
 0  0  0 -1  0  0  1  0  0  1 
 0  0  0  0 -1  0 -1  0  0  1 
 0  0  0  0  0  1  0 -1 -1  0 
265
 0  1 -1  1  0  0  0  0  0  0 
-1  0  0  0  1 -1  0  0  0  0 
 1  0  0  0  1  0 -1  0  0  0 
-1  0  0  0  0  1  0  1  0  0 
 0 -1 -1  0  0  0  0  0  1  0 
 0  1  0 -1  0  0  0  0  0 -1 
 0  0  1  0  0  0  0 -1  1  0 
 0  0  0 -1  0  0  1  0  0  1 
 0  0  0  0 -1  0 -1  0  0  1 
 0  0  0  0  0  1  0 -1 -1  0 
276
 0  1  1 -1  0  0  0  0  0  0 
-1  0  1  0  1  0  0  0  0  0 
-1 -1  0  0  0  1  0  0  0  0 
 1  0  0  0  1  0 -1  0  0  0 
 0 -1  0 -1  0  0  0  1  0  0 
 0  0 -1  0  0  0  1  0  1  0 
 0  0  0  1  0 -1  0  0  0 -1 
 0  0  0  0 -1  0  0  0 -1  1 
 0  0  0  0  0 -1  0  1  0  1 
 0  0  0  0  0  0  1 -1 -1  0 
281
 0 -1 -1  1  0  0  0  0  0  0 
 1  0  1  1  0  0  0  0  0  0 
 1 -1  0  0  1  0  0  0  0  0 
-1 -1  0  0  0  1  0  0  0  0 
 0  0 -1  0  0  0  1  1  0  0 
 0  0  0 -1  0  0  0  0  1  1 
 0  0  0  0 -1  0  0  0  1 -1 
 0  0  0  0 -1  0  0  0 -1  1 
 0  0  0  0  0 -1 -1  1  0  0 
 0  0  0  0  0 -1  1 -1  0  0 
282
 0  1 -1  1  0  0  0  0  0  0 
-1  0  0  0  1 -1  0  0  0  0 
 1  0  0  0  1  0 -1  0  0  0 
-1  0  0  0  0  1  0  1  0  0 
 0 -1 -1  0  0  0  0  0  1  0 
 0  1  0 -1  0  0  0  0  0 -1 
 0  0  1  0  0  0  0 -1  1  0 
 0  0  0 -1  0  0  1  0  0  1 
 0  0  0  0 -1  0 -1  0  0  1 
 0  0  0  0  0  1  0 -1 -1  0 
294
 0  1  1 -1  0  0  0  0  0  0 
-1  0  1  0  1  0  0  0  0  0 
-1 -1  0  0  0  1  0  0  0  0 
 1  0  0  0  1  0 -1  0  0  0 
 0 -1  0 -1  0  0  0  1  0  0 
 0  0 -1  0  0  0  1  0  1  0 
 0  0  0  1  0 -1  0  0  0 -1 
 0  0  0  0 -1  0  0  0 -1  1 
 0  0  0  0  0 -1  0  1  0  1 
 0  0  0  0  0  0  1 -1 -1  0 
313
 0  1 -1  1  0  0  0  0  0  0 
-1  0  0  0  1 -1  0  0  0  0 
 1  0  0  0  1  0 -1  0  0  0 
-1  0  0  0  0  1  0  1  0  0 
 0 -1 -1  0  0  0  0  0  1  0 
 0  1  0 -1  0  0  0  0  0 -1 
 0  0  1  0  0  0  0 -1  1  0 
 0  0  0 -1  0  0  1  0  0  1 
 0  0  0  0 -1  0 -1  0  0  1 
 0  0  0  0  0  1  0 -1 -1  0 
324
 0  1 -1  1  0  0  0  0  0  0 
-1  0  0  0  1 -1  0  0  0  0 
 1  0  0  0  1  0 -1  0  0  0 
-1  0  0  0  0  1  0  1  0  0 
 0 -1 -1  0  0  0  0  0  1  0 
 0  1  0 -1  0  0  0  0  0 -1 
 0  0  1  0  0  0  0 -1  1  0 
 0  0  0 -1  0  0  1  0  0  1 
 0  0  0  0 -1  0 -1  0  0  1 
 0  0  0  0  0  1  0 -1 -1  0 
327
 0  1 -1  1  0  0  0  0  0  0 
-1  0  0  0  1 -1  0  0  0  0 
 1  0  0  0  1  0 -1  0  0  0 
-1  0  0  0  0  1  0  1  0  0 
 0 -1 -1  0  0  0  0  0  1  0 
 0  1  0 -1  0  0  0  0  0 -1 
 0  0  1  0  0  0  0 -1  1  0 
 0  0  0 -1  0  0  1  0  0  1 
 0  0  0  0 -1  0 -1  0  0  1 
 0  0  0  0  0  1  0 -1 -1  0 
329
 0  1 -1  1  0  0  0  0  0  0 
-1  0  0  0  1 -1  0  0  0  0 
 1  0  0  0  1  0 -1  0  0  0 
-1  0  0  0  0  1  0  1  0  0 
 0 -1 -1  0  0  0  0  0  1  0 
 0  1  0 -1  0  0  0  0  0 -1 
 0  0  1  0  0  0  0 -1  1  0 
 0  0  0 -1  0  0  1  0  0  1 
 0  0  0  0 -1  0 -1  0  0  1 
 0  0  0  0  0  1  0 -1 -1  0 
333
 0  1 -1  1  0  0  0  0  0  0 
-1  0  0  0  1 -1  0  0  0  0 
 1  0  0  0  1  0 -1  0  0  0 
-1  0  0  0  0  1  0  1  0  0 
 0 -1 -1  0  0  0  0  0  1  0 
 0  1  0 -1  0  0  0  0  0 -1 
 0  0  1  0  0  0  0 -1  1  0 
 0  0  0 -1  0  0  1  0  0  1 
 0  0  0  0 -1  0 -1  0  0  1 
 0  0  0  0  0  1  0 -1 -1  0 
335
 0  1 -1  1  0  0  0  0  0  0 
-1  0  0  0  1 -1  0  0  0  0 
 1  0  0  0  1  0 -1  0  0  0 
-1  0  0  0  0  1  0  1  0  0 
 0 -1 -1  0  0  0  0  0  1  0 
 0  1  0 -1  0  0  0  0  0 -1 
 0  0  1  0  0  0  0 -1  1  0 
 0  0  0 -1  0  0  1  0  0  1 
 0  0  0  0 -1  0 -1  0  0  1 
 0  0  0  0  0  1  0 -1 -1  0 
348
 0  1 -1  1  0  0  0  0  0  0 
-1  0  0  0  1 -1  0  0  0  0 
 1  0  0  0  1  0 -1  0  0  0 
-1  0  0  0  0  1  0  1  0  0 
 0 -1 -1  0  0  0  0  0  1  0 
 0  1  0 -1  0  0  0  0  0 -1 
 0  0  1  0  0  0  0 -1  1  0 
 0  0  0 -1  0  0  1  0  0  1 
 0  0  0  0 -1  0 -1  0  0  1 
 0  0  0  0  0  1  0 -1 -1  0 
355
 0  1 -1  1  0  0  0  0  0  0 
-1  0  0  0  1 -1  0  0  0  0 
 1  0  0  0  1  0 -1  0  0  0 
-1  0  0  0  0  1  0  1  0  0 
 0 -1 -1  0  0  0  0  0  1  0 
 0  1  0 -1  0  0  0  0  0 -1 
 0  0  1  0  0  0  0 -1  1  0 
 0  0  0 -1  0  0  1  0  0  1 
 0  0  0  0 -1  0 -1  0  0  1 
 0  0  0  0  0  1  0 -1 -1  0 
356
 0  1 -1  1  0  0  0  0  0  0 
-1  0  0  0  1 -1  0  0  0  0 
 1  0  0  0  1  0 -1  0  0  0 
-1  0  0  0  0  1  0  1  0  0 
 0 -1 -1  0  0  0  0  0  1  0 
 0  1  0 -1  0  0  0  0  0 -1 
 0  0  1  0  0  0  0 -1  1  0 
 0  0  0 -1  0  0  1  0  0  1 
 0  0  0  0 -1  0 -1  0  0  1 
 0  0  0  0  0  1  0 -1 -1  0 
359
 0  1 -1  1  0  0  0  0  0  0 
-1  0  0  0  1 -1  0  0  0  0 
 1  0  0  0  1  0 -1  0  0  0 
-1  0  0  0  0  1  0  1  0  0 
 0 -1 -1  0  0  0  0  0  1  0 
 0  1  0 -1  0  0  0  0  0 -1 
 0  0  1  0  0  0  0 -1  1  0 
 0  0  0 -1  0  0  1  0  0  1 
 0  0  0  0 -1  0 -1  0  0  1 
 0  0  0  0  0  1  0 -1 -1  0 
360
 0  1 -1  1  0  0  0  0  0  0 
-1  0  0  0  1 -1  0  0  0  0 
 1  0  0  0  1  0 -1  0  0  0 
-1  0  0  0  0  1  0  1  0  0 
 0 -1 -1  0  0  0  0  0  1  0 
 0  1  0 -1  0  0  0  0  0 -1 
 0  0  1  0  0  0  0 -1  1  0 
 0  0  0 -1  0  0  1  0  0  1 
 0  0  0  0 -1  0 -1  0  0  1 
 0  0  0  0  0  1  0 -1 -1  0 
361
 0  1 -1  1  0  0  0  0  0  0 
-1  0  0  0  1 -1  0  0  0  0 
 1  0  0  0  1  0 -1  0  0  0 
-1  0  0  0  0  1  0  1  0  0 
 0 -1 -1  0  0  0  0  0  1  0 
 0  1  0 -1  0  0  0  0  0 -1 
 0  0  1  0  0  0  0 -1  1  0 
 0  0  0 -1  0  0  1  0  0  1 
 0  0  0  0 -1  0 -1  0  0  1 
 0  0  0  0  0  1  0 -1 -1  0 
362
 0  1 -1  1  0  0  0  0  0  0 
-1  0  0  0  1 -1  0  0  0  0 
 1  0  0  0  1  0 -1  0  0  0 
-1  0  0  0  0  1  0  1  0  0 
 0 -1 -1  0  0  0  0  0  1  0 
 0  1  0 -1  0  0  0  0  0 -1 
 0  0  1  0  0  0  0 -1  1  0 
 0  0  0 -1  0  0  1  0  0  1 
 0  0  0  0 -1  0 -1  0  0  1 
 0  0  0  0  0  1  0 -1 -1  0 
367
 0  1 -1  1  0  0  0  0  0  0 
-1  0  0  0  1 -1  0  0  0  0 
 1  0  0  0  1  0 -1  0  0  0 
-1  0  0  0  0  1  0  1  0  0 
 0 -1 -1  0  0  0  0  0  1  0 
 0  1  0 -1  0  0  0  0  0 -1 
 0  0  1  0  0  0  0 -1  1  0 
 0  0  0 -1  0  0  1  0  0  1 
 0  0  0  0 -1  0 -1  0  0  1 
 0  0  0  0  0  1  0 -1 -1  0 
370
 0  1 -1  1  0  0  0  0  0  0 
-1  0  0  0  1 -1  0  0  0  0 
 1  0  0  0  1  0 -1  0  0  0 
-1  0  0  0  0  1  0  1  0  0 
 0 -1 -1  0  0  0  0  0  1  0 
 0  1  0 -1  0  0  0  0  0 -1 
 0  0  1  0  0  0  0 -1  1  0 
 0  0  0 -1  0  0  1  0  0  1 
 0  0  0  0 -1  0 -1  0  0  1 
 0  0  0  0  0  1  0 -1 -1  0 
371
 0  1 -1  1  0  0  0  0  0  0 
-1  0  0  0  1 -1  0  0  0  0 
 1  0  0  0  1  0 -1  0  0  0 
-1  0  0  0  0  1  0  1  0  0 
 0 -1 -1  0  0  0  0  0  1  0 
 0  1  0 -1  0  0  0  0  0 -1 
 0  0  1  0  0  0  0 -1  1  0 
 0  0  0 -1  0  0  1  0  0  1 
 0  0  0  0 -1  0 -1  0  0  1 
 0  0  0  0  0  1  0 -1 -1  0 
372
 0  1 -1  1  0  0  0  0  0  0 
-1  0  0  0  1 -1  0  0  0  0 
 1  0  0  0  1  0 -1  0  0  0 
-1  0  0  0  0  1  0  1  0  0 
 0 -1 -1  0  0  0  0  0  1  0 
 0  1  0 -1  0  0  0  0  0 -1 
 0  0  1  0  0  0  0 -1  1  0 
 0  0  0 -1  0  0  1  0  0  1 
 0  0  0  0 -1  0 -1  0  0  1 
 0  0  0  0  0  1  0 -1 -1  0 
373
 0  1 -1  1  0  0  0  0  0  0 
-1  0  0  0  1 -1  0  0  0  0 
 1  0  0  0  1  0 -1  0  0  0 
-1  0  0  0  0  1  0  1  0  0 
 0 -1 -1  0  0  0  0  0  1  0 
 0  1  0 -1  0  0  0  0  0 -1 
 0  0  1  0  0  0  0 -1  1  0 
 0  0  0 -1  0  0  1  0  0  1 
 0  0  0  0 -1  0 -1  0  0  1 
 0  0  0  0  0  1  0 -1 -1  0 
376
 0  1 -1  1  0  0  0  0  0  0 
-1  0  0  0  1 -1  0  0  0  0 
 1  0  0  0  1  0 -1  0  0  0 
-1  0  0  0  0  1  0  1  0  0 
 0 -1 -1  0  0  0  0  0  1  0 
 0  1  0 -1  0  0  0  0  0 -1 
 0  0  1  0  0  0  0 -1  1  0 
 0  0  0 -1  0  0  1  0  0  1 
 0  0  0  0 -1  0 -1  0  0  1 
 0  0  0  0  0  1  0 -1 -1  0 
390
 0  1 -1  1  0  0  0  0  0  0 
-1  0  0  0  1 -1  0  0  0  0 
 1  0  0  0  1  0 -1  0  0  0 
-1  0  0  0  0  1  0  1  0  0 
 0 -1 -1  0  0  0  0  0  1  0 
 0  1  0 -1  0  0  0  0  0 -1 
 0  0  1  0  0  0  0 -1  1  0 
 0  0  0 -1  0  0  1  0  0  1 
 0  0  0  0 -1  0 -1  0  0  1 
 0  0  0  0  0  1  0 -1 -1  0 
393
 0  1 -1  1  0  0  0  0  0  0 
-1  0  0  0  1 -1  0  0  0  0 
 1  0  0  0  1  0 -1  0  0  0 
-1  0  0  0  0  1  0  1  0  0 
 0 -1 -1  0  0  0  0  0  1  0 
 0  1  0 -1  0  0  0  0  0 -1 
 0  0  1  0  0  0  0 -1  1  0 
 0  0  0 -1  0  0  1  0  0  1 
 0  0  0  0 -1  0 -1  0  0  1 
 0  0  0  0  0  1  0 -1 -1  0 
394
 0  1 -1  1  0  0  0  0  0  0 
-1  0  0  0  1 -1  0  0  0  0 
 1  0  0  0  1  0 -1  0  0  0 
-1  0  0  0  0  1  0  1  0  0 
 0 -1 -1  0  0  0  0  0  1  0 
 0  1  0 -1  0  0  0  0  0 -1 
 0  0  1  0  0  0  0 -1  1  0 
 0  0  0 -1  0  0  1  0  0  1 
 0  0  0  0 -1  0 -1  0  0  1 
 0  0  0  0  0  1  0 -1 -1  0 
398
 0  1 -1  1  0  0  0  0  0  0 
-1  0  0  0  1 -1  0  0  0  0 
 1  0  0  0  1  0 -1  0  0  0 
-1  0  0  0  0  1  0  1  0  0 
 0 -1 -1  0  0  0  0  0  1  0 
 0  1  0 -1  0  0  0  0  0 -1 
 0  0  1  0  0  0  0 -1  1  0 
 0  0  0 -1  0  0  1  0  0  1 
 0  0  0  0 -1  0 -1  0  0  1 
 0  0  0  0  0  1  0 -1 -1  0 
399
 0  1 -1  1  0  0  0  0  0  0 
-1  0  0  0  1 -1  0  0  0  0 
 1  0  0  0  1  0 -1  0  0  0 
-1  0  0  0  0  1  0  1  0  0 
 0 -1 -1  0  0  0  0  0  1  0 
 0  1  0 -1  0  0  0  0  0 -1 
 0  0  1  0  0  0  0 -1  1  0 
 0  0  0 -1  0  0  1  0  0  1 
 0  0  0  0 -1  0 -1  0  0  1 
 0  0  0  0  0  1  0 -1 -1  0 
401
 0  1 -1  1  0  0  0  0  0  0 
-1  0  0  0  1 -1  0  0  0  0 
 1  0  0  0  1  0 -1  0  0  0 
-1  0  0  0  0  1  0  1  0  0 
 0 -1 -1  0  0  0  0  0  1  0 
 0  1  0 -1  0  0  0  0  0 -1 
 0  0  1  0  0  0  0 -1  1  0 
 0  0  0 -1  0  0  1  0  0  1 
 0  0  0  0 -1  0 -1  0  0  1 
 0  0  0  0  0  1  0 -1 -1  0 
404
 0  1 -1  1  0  0  0  0  0  0 
-1  0  0  0  1 -1  0  0  0  0 
 1  0  0  0  1  0 -1  0  0  0 
-1  0  0  0  0  1  0  1  0  0 
 0 -1 -1  0  0  0  0  0  1  0 
 0  1  0 -1  0  0  0  0  0 -1 
 0  0  1  0  0  0  0 -1  1  0 
 0  0  0 -1  0  0  1  0  0  1 
 0  0  0  0 -1  0 -1  0  0  1 
 0  0  0  0  0  1  0 -1 -1  0 
410
 0  1 -1  1  0  0  0  0  0  0 
-1  0  0  0  1 -1  0  0  0  0 
 1  0  0  0  1  0 -1  0  0  0 
-1  0  0  0  0  1  0  1  0  0 
 0 -1 -1  0  0  0  0  0  1  0 
 0  1  0 -1  0  0  0  0  0 -1 
 0  0  1  0  0  0  0 -1  1  0 
 0  0  0 -1  0  0  1  0  0  1 
 0  0  0  0 -1  0 -1  0  0  1 
 0  0  0  0  0  1  0 -1 -1  0 
417
 0  1 -1  1  0  0  0  0  0  0 
-1  0  0  0  1 -1  0  0  0  0 
 1  0  0  0  1  0 -1  0  0  0 
-1  0  0  0  0  1  0  1  0  0 
 0 -1 -1  0  0  0  0  0  1  0 
 0  1  0 -1  0  0  0  0  0 -1 
 0  0  1  0  0  0  0 -1  1  0 
 0  0  0 -1  0  0  1  0  0  1 
 0  0  0  0 -1  0 -1  0  0  1 
 0  0  0  0  0  1  0 -1 -1  0 
421
 0  1 -1  1  0  0  0  0  0  0 
-1  0  0  0  1 -1  0  0  0  0 
 1  0  0  0  1  0 -1  0  0  0 
-1  0  0  0  0  1  0  1  0  0 
 0 -1 -1  0  0  0  0  0  1  0 
 0  1  0 -1  0  0  0  0  0 -1 
 0  0  1  0  0  0  0 -1  1  0 
 0  0  0 -1  0  0  1  0  0  1 
 0  0  0  0 -1  0 -1  0  0  1 
 0  0  0  0  0  1  0 -1 -1  0 
422
 0  1 -1  1  0  0  0  0  0  0 
-1  0  0  0  1 -1  0  0  0  0 
 1  0  0  0  1  0 -1  0  0  0 
-1  0  0  0  0  1  0  1  0  0 
 0 -1 -1  0  0  0  0  0  1  0 
 0  1  0 -1  0  0  0  0  0 -1 
 0  0  1  0  0  0  0 -1  1  0 
 0  0  0 -1  0  0  1  0  0  1 
 0  0  0  0 -1  0 -1  0  0  1 
 0  0  0  0  0  1  0 -1 -1  0 
423
 0  1 -1 -1  0  0  0  0  0  0 
-1  0  1  1  0  0  0  0  0  0 
 1 -1  0  0  1  0  0  0  0  0 
 1 -1  0  0  0  1  0  0  0  0 
 0  0 -1  0  0  0  1  1  0  0 
 0  0  0 -1  0  0  0  0  1  1 
 0  0  0  0 -1  0  0  0  1 -1 
 0  0  0  0 -1  0  0  0 -1  1 
 0  0  0  0  0 -1 -1  1  0  0 
 0  0  0  0  0 -1  1 -1  0  0 
429
 0  1 -1  1  0  0  0  0  0  0 
-1  0  0  0  1 -1  0  0  0  0 
 1  0  0  0  1  0 -1  0  0  0 
-1  0  0  0  0  1  0  1  0  0 
 0 -1 -1  0  0  0  0  0  1  0 
 0  1  0 -1  0  0  0  0  0 -1 
 0  0  1  0  0  0  0 -1  1  0 
 0  0  0 -1  0  0  1  0  0  1 
 0  0  0  0 -1  0 -1  0  0  1 
 0  0  0  0  0  1  0 -1 -1  0 
432
 0  1 -1  1  0  0  0  0  0  0 
-1  0  0  0  1 -1  0  0  0  0 
 1  0  0  0  1  0 -1  0  0  0 
-1  0  0  0  0  1  0  1  0  0 
 0 -1 -1  0  0  0  0  0  1  0 
 0  1  0 -1  0  0  0  0  0 -1 
 0  0  1  0  0  0  0 -1  1  0 
 0  0  0 -1  0  0  1  0  0  1 
 0  0  0  0 -1  0 -1  0  0  1 
 0  0  0  0  0  1  0 -1 -1  0 
434
 0  1 -1  1  0  0  0  0  0  0 
-1  0  0  0  1 -1  0  0  0  0 
 1  0  0  0  1  0 -1  0  0  0 
-1  0  0  0  0  1  0  1  0  0 
 0 -1 -1  0  0  0  0  0  1  0 
 0  1  0 -1  0  0  0  0  0 -1 
 0  0  1  0  0  0  0 -1  1  0 
 0  0  0 -1  0  0  1  0  0  1 
 0  0  0  0 -1  0 -1  0  0  1 
 0  0  0  0  0  1  0 -1 -1  0 
435
 0  1 -1  1  0  0  0  0  0  0 
-1  0  0  0  1 -1  0  0  0  0 
 1  0  0  0  1  0 -1  0  0  0 
-1  0  0  0  0  1  0  1  0  0 
 0 -1 -1  0  0  0  0  0  1  0 
 0  1  0 -1  0  0  0  0  0 -1 
 0  0  1  0  0  0  0 -1  1  0 
 0  0  0 -1  0  0  1  0  0  1 
 0  0  0  0 -1  0 -1  0  0  1 
 0  0  0  0  0  1  0 -1 -1  0 
436
 0  1 -1  1  0  0  0  0  0  0 
-1  0  0  0  1 -1  0  0  0  0 
 1  0  0  0  1  0 -1  0  0  0 
-1  0  0  0  0  1  0  1  0  0 
 0 -1 -1  0  0  0  0  0  1  0 
 0  1  0 -1  0  0  0  0  0 -1 
 0  0  1  0  0  0  0 -1  1  0 
 0  0  0 -1  0  0  1  0  0  1 
 0  0  0  0 -1  0 -1  0  0  1 
 0  0  0  0  0  1  0 -1 -1  0 
438
 0  1 -1  1  0  0  0  0  0  0 
-1  0  0  0  1 -1  0  0  0  0 
 1  0  0  0  1  0 -1  0  0  0 
-1  0  0  0  0  1  0  1  0  0 
 0 -1 -1  0  0  0  0  0  1  0 
 0  1  0 -1  0  0  0  0  0 -1 
 0  0  1  0  0  0  0 -1  1  0 
 0  0  0 -1  0  0  1  0  0  1 
 0  0  0  0 -1  0 -1  0  0  1 
 0  0  0  0  0  1  0 -1 -1  0 
440
 0  1 -1  1  0  0  0  0  0  0 
-1  0  0  0  1 -1  0  0  0  0 
 1  0  0  0  1  0 -1  0  0  0 
-1  0  0  0  0  1  0  1  0  0 
 0 -1 -1  0  0  0  0  0  1  0 
 0  1  0 -1  0  0  0  0  0 -1 
 0  0  1  0  0  0  0 -1  1  0 
 0  0  0 -1  0  0  1  0  0  1 
 0  0  0  0 -1  0 -1  0  0  1 
 0  0  0  0  0  1  0 -1 -1  0 
442
 0  1 -1  1  0  0  0  0  0  0 
-1  0  0  0  1 -1  0  0  0  0 
 1  0  0  0  1  0 -1  0  0  0 
-1  0  0  0  0  1  0  1  0  0 
 0 -1 -1  0  0  0  0  0  1  0 
 0  1  0 -1  0  0  0  0  0 -1 
 0  0  1  0  0  0  0 -1  1  0 
 0  0  0 -1  0  0  1  0  0  1 
 0  0  0  0 -1  0 -1  0  0  1 
 0  0  0  0  0  1  0 -1 -1  0 
443
 0  1 -1  1  0  0  0  0  0  0 
-1  0  0  0  1 -1  0  0  0  0 
 1  0  0  0  1  0 -1  0  0  0 
-1  0  0  0  0  1  0  1  0  0 
 0 -1 -1  0  0  0  0  0  1  0 
 0  1  0 -1  0  0  0  0  0 -1 
 0  0  1  0  0  0  0 -1  1  0 
 0  0  0 -1  0  0  1  0  0  1 
 0  0  0  0 -1  0 -1  0  0  1 
 0  0  0  0  0  1  0 -1 -1  0 
446
 0  1 -1  1  0  0  0  0  0  0 
-1  0  0  0  1 -1  0  0  0  0 
 1  0  0  0  1  0 -1  0  0  0 
-1  0  0  0  0  1  0  1  0  0 
 0 -1 -1  0  0  0  0  0  1  0 
 0  1  0 -1  0  0  0  0  0 -1 
 0  0  1  0  0  0  0 -1  1  0 
 0  0  0 -1  0  0  1  0  0  1 
 0  0  0  0 -1  0 -1  0  0  1 
 0  0  0  0  0  1  0 -1 -1  0 
451
 0  1 -1  1  0  0  0  0  0  0 
-1  0  0  0  1 -1  0  0  0  0 
 1  0  0  0  1  0 -1  0  0  0 
-1  0  0  0  0  1  0  1  0  0 
 0 -1 -1  0  0  0  0  0  1  0 
 0  1  0 -1  0  0  0  0  0 -1 
 0  0  1  0  0  0  0 -1  1  0 
 0  0  0 -1  0  0  1  0  0  1 
 0  0  0  0 -1  0 -1  0  0  1 
 0  0  0  0  0  1  0 -1 -1  0 
