0
 0  1 -1  1 
-1  0  1  1 
 1 -1  0  1 
-1 -1 -1  0 
1
 0  1 -1  1 
-1  0  1  1 
 1 -1  0  1 
-1 -1 -1  0 
2
 0  1 -1  1 
-1  0  1  1 
 1 -1  0  1 
-1 -1 -1  0 
3
 0  1  1 -1 
-1  0  1  1 
-1 -1  0  1 
 1 -1 -1  0 
5
 0  1 -1  1 
-1  0  1  1 
 1 -1  0  1 
-1 -1 -1  0 
6
 0  1 -1  1 
-1  0  1  1 
 1 -1  0  1 
-1 -1 -1  0 
8
 0  1  1 -1 
-1  0  1  1 
-1 -1  0  1 
 1 -1 -1  0 
11
 0  1 -1  1 
-1  0  1  1 
 1 -1  0  1 
-1 -1 -1  0 
15
 0  1 -1  1 
-1  0  1  1 
 1 -1  0  1 
-1 -1 -1  0 
24
 0  1 -1  1 
-1  0  1  1 
 1 -1  0  1 
-1 -1 -1  0 
27
 0  1 -1  1 
-1  0  1  1 
 1 -1  0  1 
-1 -1 -1  0 
33
 0  1  1 -1 
-1  0  1  1 
-1 -1  0  1 
 1 -1 -1  0 
34
 0  1  1 -1 
-1  0  1  1 
-1 -1  0  1 
 1 -1 -1  0 
49
 0  1 -1  1 
-1  0  1  1 
 1 -1  0  1 
-1 -1 -1  0 
52
 0  1 -1  1 
-1  0  1  1 
 1 -1  0  1 
-1 -1 -1  0 
75
 0  1 -1  1 
-1  0  1  1 
 1 -1  0  1 
-1 -1 -1  0 
100
 0  1 -1  1 
-1  0  1  1 
 1 -1  0  1 
-1 -1 -1  0 
119
 0  1 -1  1 
-1  0  1  1 
 1 -1  0  1 
-1 -1 -1  0 
147
 0 -1  1 -1 
 1  0  1  1 
-1 -1  0  1 
 1 -1 -1  0 
158
 0  1 -1  1 
-1  0  1  1 
 1 -1  0  1 
-1 -1 -1  0 
202
 0  1 -1  1 
-1  0  1  1 
 1 -1  0  1 
-1 -1 -1  0 
227
 0  1 -1  1 
-1  0  1  1 
 1 -1  0  1 
-1 -1 -1  0 
248
 0  1 -1  1 
-1  0  1  1 
 1 -1  0  1 
-1 -1 -1  0 
252
 0 -1  1 -1 
 1  0  1  1 
-1 -1  0  1 
 1 -1 -1  0 
258
 0 -1  1 -1 
 1  0  1  1 
-1 -1  0  1 
 1 -1 -1  0 
262
 0 -1  1 -1 
 1  0  1  1 
-1 -1  0  1 
 1 -1 -1  0 
266
 0 -1  1 -1 
 1  0  1  1 
-1 -1  0  1 
 1 -1 -1  0 
283
 0  1  1 -1 
-1  0  1  1 
-1 -1  0  1 
 1 -1 -1  0 
284
 0  1  1 -1 
-1  0  1  1 
-1 -1  0  1 
 1 -1 -1  0 
286
 0  1  1 -1 
-1  0  1  1 
-1 -1  0  1 
 1 -1 -1  0 
315
 0 -1  1 -1 
 1  0  1  1 
-1 -1  0  1 
 1 -1 -1  0 
402
 0 -1  1 -1 
 1  0  1  1 
-1 -1  0  1 
 1 -1 -1  0 
418
 0  1 -1  1 
-1  0  1  1 
 1 -1  0  1 
-1 -1 -1  0 
424
 0 -1  1 -1 
 1  0  1  1 
-1 -1  0  1 
 1 -1 -1  0 
437
 0 -1  1 -1 
 1  0  1  1 
-1 -1  0  1 
 1 -1 -1  0 
454
 0  1  1  1 
-1  0  1  1 
-1 -1  0  1 
-1 -1 -1  0 
455
 0  1 -1  1 
-1  0  1  1 
 1 -1  0  1 
-1 -1 -1  0 
