4
 0 -1  1  1  0  0 
 1  0  1  0 -1  0 
-1 -1  0  0  0  1 
-1  0  0  0  1  1 
 0  1  0 -1  0  1 
 0  0 -1 -1 -1  0 
7
 0  1 -1  1  0  0 
-1  0  1  0 -1  0 
 1 -1  0  0  0  1 
-1  0  0  0  1  1 
 0  1  0 -1  0  1 
 0  0 -1 -1 -1  0 
9
 0  1 -1  1  0  0 
-1  0  1  0 -1  0 
 1 -1  0  0  0  1 
-1  0  0  0  1  1 
 0  1  0 -1  0  1 
 0  0 -1 -1 -1  0 
10
 0  1 -1  1  0  0 
-1  0  1  0 -1  0 
 1 -1  0  0  0  1 
-1  0  0  0  1  1 
 0  1  0 -1  0  1 
 0  0 -1 -1 -1  0 
12
 0 -1  1  1  0  0 
 1  0 -1  0  1  0 
-1  1  0  0  0  1 
-1  0  0  0  1 -1 
 0 -1  0 -1  0  1 
 0  0 -1  1 -1  0 
14
 0 -1  1  1  0  0 
 1  0 -1  0  1  0 
-1  1  0  0  0  1 
-1  0  0  0  1 -1 
 0 -1  0 -1  0  1 
 0  0 -1  1 -1  0 
16
 0 -1  1  1  0  0 
 1  0 -1  0  1  0 
-1  1  0  0  0 -1 
-1  0  0  0  1  1 
 0 -1  0 -1  0  1 
 0  0  1 -1 -1  0 
17
 0 -1  1  1  0  0 
 1  0  1  0 -1  0 
-1 -1  0  0  0  1 
-1  0  0  0  1  1 
 0  1  0 -1  0  1 
 0  0 -1 -1 -1  0 
18
 0 -1  1  1  0  0 
 1  0 -1  0  1  0 
-1  1  0  0  0  1 
-1  0  0  0  1 -1 
 0 -1  0 -1  0  1 
 0  0 -1  1 -1  0 
20
 0 -1  1  1  0  0 
 1  0  0  0 -1  1 
-1  0  0  0 -1  1 
-1  0  0  0  1  1 
 0  1  1 -1  0  0 
 0 -1 -1 -1  0  0 
21
 0 -1 -1  1  0  0 
 1  0  0  0  1 -1 
 1  0  0  0 -1  1 
-1  0  0  0  1  1 
 0 -1  1 -1  0  0 
 0  1 -1 -1  0  0 
22
 0 -1  1  1  0  0 
 1  0 -1  0  1  0 
-1  1  0  0  0  1 
-1  0  0  0  1 -1 
 0 -1  0 -1  0  1 
 0  0 -1  1 -1  0 
23
 0 -1 -1  1  0  0 
 1  0  1  0 -1  0 
 1 -1  0  0  0  1 
-1  0  0  0  1  1 
 0  1  0 -1  0  1 
 0  0 -1 -1 -1  0 
25
 0 -1  1  1  0  0 
 1  0 -1  0  1  0 
-1  1  0  0  0  1 
-1  0  0  0  1 -1 
 0 -1  0 -1  0  1 
 0  0 -1  1 -1  0 
26
 0  1 -1  1  0  0 
-1  0  1  0 -1  0 
 1 -1  0  0  0  1 
-1  0  0  0  1  1 
 0  1  0 -1  0  1 
 0  0 -1 -1 -1  0 
28
 0 -1  1  1  0  0 
 1  0  1  0 -1  0 
-1 -1  0  0  0  1 
-1  0  0  0  1  1 
 0  1  0 -1  0  1 
 0  0 -1 -1 -1  0 
29
 0 -1  1  1  0  0 
 1  0 -1  0  1  0 
-1  1  0  0  0 -1 
-1  0  0  0  1  1 
 0 -1  0 -1  0  1 
 0  0  1 -1 -1  0 
30
 0 -1 -1  1  0  0 
 1  0  1  0 -1  0 
 1 -1  0  0  0  1 
-1  0  0  0  1  1 
 0  1  0 -1  0  1 
 0  0 -1 -1 -1  0 
31
 0  1 -1  1  0  0 
-1  0  1  0 -1  0 
 1 -1  0  0  0  1 
-1  0  0  0  1  1 
 0  1  0 -1  0  1 
 0  0 -1 -1 -1  0 
32
 0 -1 -1  1  0  0 
 1  0 -1  0  1  0 
 1  1  0  0  0 -1 
-1  0  0  0  1  1 
 0 -1  0 -1  0  1 
 0  0  1 -1 -1  0 
35
 0 -1 -1  1  0  0 
 1  0 -1  0  1  0 
 1  1  0  0  0 -1 
-1  0  0  0  1  1 
 0 -1  0 -1  0  1 
 0  0  1 -1 -1  0 
36
 0 -1  1  1  0  0 
 1  0 -1  0  1  0 
-1  1  0  0  0 -1 
-1  0  0  0  1  1 
 0 -1  0 -1  0  1 
 0  0  1 -1 -1  0 
37
 0 -1 -1  1  0  0 
 1  0 -1  0  1  0 
 1  1  0  0  0 -1 
-1  0  0  0  1  1 
 0 -1  0 -1  0  1 
 0  0  1 -1 -1  0 
39
 0 -1  1  1  0  0 
 1  0 -1  0  1  0 
-1  1  0  0  0  1 
-1  0  0  0  1 -1 
 0 -1  0 -1  0  1 
 0  0 -1  1 -1  0 
40
 0 -1  1  1  0  0 
 1  0 -1  0  1  0 
-1  1  0  0  0 -1 
-1  0  0  0  1  1 
 0 -1  0 -1  0  1 
 0  0  1 -1 -1  0 
41
 0 -1  1  1  0  0 
 1  0 -1  0  1  0 
-1  1  0  0  0 -1 
-1  0  0  0  1  1 
 0 -1  0 -1  0  1 
 0  0  1 -1 -1  0 
42
 0  1 -1  1  0  0 
-1  0  1  0 -1  0 
 1 -1  0  0  0  1 
-1  0  0  0  1  1 
 0  1  0 -1  0  1 
 0  0 -1 -1 -1  0 
43
 0 -1 -1  1  0  0 
 1  0  0  0  1 -1 
 1  0  0  0 -1  1 
-1  0  0  0  1  1 
 0 -1  1 -1  0  0 
 0  1 -1 -1  0  0 
44
 0 -1  1  1  0  0 
 1  0 -1  0  1  0 
-1  1  0  0  0 -1 
-1  0  0  0  1  1 
 0 -1  0 -1  0  1 
 0  0  1 -1 -1  0 
45
 0 -1 -1  1  0  0 
 1  0  0  0  1 -1 
 1  0  0  0 -1  1 
-1  0  0  0  1  1 
 0 -1  1 -1  0  0 
 0  1 -1 -1  0  0 
46
 0 -1 -1  1  0  0 
 1  0  0  0  1 -1 
 1  0  0  0 -1  1 
-1  0  0  0  1  1 
 0 -1  1 -1  0  0 
 0  1 -1 -1  0  0 
48
 0 -1 -1  1  0  0 
 1  0  1  0 -1  0 
 1 -1  0  0  0  1 
-1  0  0  0  1  1 
 0  1  0 -1  0  1 
 0  0 -1 -1 -1  0 
50
 0 -1  1  1  0  0 
 1  0  0  0 -1  1 
-1  0  0  0 -1  1 
-1  0  0  0  1  1 
 0  1  1 -1  0  0 
 0 -1 -1 -1  0  0 
51
 0 -1  1  1  0  0 
 1  0 -1  0 -1  0 
-1  1  0  0  0 -1 
-1  0  0  0  1  1 
 0  1  0 -1  0  1 
 0  0  1 -1 -1  0 
53
 0 -1 -1  1  0  0 
 1  0  0  0  1 -1 
 1  0  0  0 -1  1 
-1  0  0  0  1  1 
 0 -1  1 -1  0  0 
 0  1 -1 -1  0  0 
54
 0  1 -1  1  0  0 
-1  0  1  0  1  0 
 1 -1  0  0  0 -1 
-1  0  0  0  1  1 
 0 -1  0 -1  0  1 
 0  0  1 -1 -1  0 
56
 0 -1  1  1  0  0 
 1  0 -1  0  1  0 
-1  1  0  0  0  1 
-1  0  0  0  1 -1 
 0 -1  0 -1  0  1 
 0  0 -1  1 -1  0 
59
 0 -1  1  1  0  0 
 1  0 -1  0  1  0 
-1  1  0  0  0  1 
-1  0  0  0  1 -1 
 0 -1  0 -1  0  1 
 0  0 -1  1 -1  0 
60
 0 -1  1  1  0  0 
 1  0  1  0 -1  0 
-1 -1  0  0  0  1 
-1  0  0  0  1  1 
 0  1  0 -1  0  1 
 0  0 -1 -1 -1  0 
61
 0 -1  1  1  0  0 
 1  0 -1  0  1  0 
-1  1  0  0  0  1 
-1  0  0  0  1 -1 
 0 -1  0 -1  0  1 
 0  0 -1  1 -1  0 
63
 0 -1  1  1  0  0 
 1  0 -1  0  1  0 
-1  1  0  0  0  1 
-1  0  0  0  1 -1 
 0 -1  0 -1  0  1 
 0  0 -1  1 -1  0 
65
 0 -1  1  1  0  0 
 1  0 -1  0  1  0 
-1  1  0  0  0  1 
-1  0  0  0  1 -1 
 0 -1  0 -1  0  1 
 0  0 -1  1 -1  0 
66
 0 -1  1  1  0  0 
 1  0 -1  0  1  0 
-1  1  0  0  0  1 
-1  0  0  0  1 -1 
 0 -1  0 -1  0  1 
 0  0 -1  1 -1  0 
67
 0  1  1  1  0  0 
-1  0 -1  0  1  0 
-1  1  0  0  0 -1 
-1  0  0  0  1  1 
 0 -1  0 -1  0  1 
 0  0  1 -1 -1  0 
68
 0 -1  1  1  0  0 
 1  0  1  0 -1  0 
-1 -1  0  0  0  1 
-1  0  0  0  1  1 
 0  1  0 -1  0  1 
 0  0 -1 -1 -1  0 
69
 0 -1  1  1  0  0 
 1  0 -1  0  1  0 
-1  1  0  0  0  1 
-1  0  0  0  1 -1 
 0 -1  0 -1  0  1 
 0  0 -1  1 -1  0 
70
 0 -1  1 -1  0  0 
 1  0  1  0 -1  0 
-1 -1  0  0  0  1 
 1  0  0  0  1  1 
 0  1  0 -1  0  1 
 0  0 -1 -1 -1  0 
73
 0 -1  1  1  0  0 
 1  0  0  0 -1  1 
-1  0  0  0 -1  1 
-1  0  0  0  1  1 
 0  1  1 -1  0  0 
 0 -1 -1 -1  0  0 
74
 0 -1  1  1  0  0 
 1  0 -1  0  1  0 
-1  1  0  0  0  1 
-1  0  0  0  1 -1 
 0 -1  0 -1  0  1 
 0  0 -1  1 -1  0 
76
 0 -1  1  1  0  0 
 1  0 -1  0  1  0 
-1  1  0  0  0  1 
-1  0  0  0  1 -1 
 0 -1  0 -1  0  1 
 0  0 -1  1 -1  0 
77
 0 -1  1  1  0  0 
 1  0 -1  0  1  0 
-1  1  0  0  0  1 
-1  0  0  0  1 -1 
 0 -1  0 -1  0  1 
 0  0 -1  1 -1  0 
78
 0 -1  1  1  0  0 
 1  0 -1  0  1  0 
-1  1  0  0  0  1 
-1  0  0  0  1 -1 
 0 -1  0 -1  0  1 
 0  0 -1  1 -1  0 
79
 0 -1  1  1  0  0 
 1  0 -1  0  1  0 
-1  1  0  0  0  1 
-1  0  0  0  1 -1 
 0 -1  0 -1  0  1 
 0  0 -1  1 -1  0 
88
 0 -1 -1  1  0  0 
 1  0  0  0  1 -1 
 1  0  0  0 -1  1 
-1  0  0  0  1  1 
 0 -1  1 -1  0  0 
 0  1 -1 -1  0  0 
91
 0 -1 -1  1  0  0 
 1  0  0  0  1 -1 
 1  0  0  0 -1  1 
-1  0  0  0  1  1 
 0 -1  1 -1  0  0 
 0  1 -1 -1  0  0 
98
 0 -1  1  1  0  0 
 1  0 -1  0  1  0 
-1  1  0  0  0  1 
-1  0  0  0  1 -1 
 0 -1  0 -1  0  1 
 0  0 -1  1 -1  0 
99
 0 -1  1  1  0  0 
 1  0 -1  0  1  0 
-1  1  0  0  0  1 
-1  0  0  0  1 -1 
 0 -1  0 -1  0  1 
 0  0 -1  1 -1  0 
102
 0 -1 -1  1  0  0 
 1  0  0  0  1 -1 
 1  0  0  0 -1  1 
-1  0  0  0  1  1 
 0 -1  1 -1  0  0 
 0  1 -1 -1  0  0 
106
 0 -1 -1  1  0  0 
 1  0  1  0  1  0 
 1 -1  0  0  0 -1 
-1  0  0  0  1  1 
 0 -1  0 -1  0  1 
 0  0  1 -1 -1  0 
107
 0  1 -1 -1  0  0 
-1  0  1  0  1  0 
 1 -1  0  0  0 -1 
 1  0  0  0  1  1 
 0 -1  0 -1  0  1 
 0  0  1 -1 -1  0 
108
 0  1  1  1  0  0 
-1  0  0  0  1 -1 
-1  0  0  0 -1  1 
-1  0  0  0  1  1 
 0 -1  1 -1  0  0 
 0  1 -1 -1  0  0 
111
 0 -1 -1  1  0  0 
 1  0  0  0  1 -1 
 1  0  0  0 -1  1 
-1  0  0  0  1  1 
 0 -1  1 -1  0  0 
 0  1 -1 -1  0  0 
113
 0 -1  1  1  0  0 
 1  0 -1  0  1  0 
-1  1  0  0  0  1 
-1  0  0  0  1 -1 
 0 -1  0 -1  0  1 
 0  0 -1  1 -1  0 
115
 0 -1 -1  1  0  0 
 1  0  0  0  1 -1 
 1  0  0  0 -1  1 
-1  0  0  0  1  1 
 0 -1  1 -1  0  0 
 0  1 -1 -1  0  0 
116
 0 -1 -1  1  0  0 
 1  0  0  0 -1  1 
 1  0  0  0  1  1 
-1  0  0  0  1  1 
 0  1 -1 -1  0  0 
 0 -1 -1 -1  0  0 
117
 0  1  1  1  0  0 
-1  0  0  0  1 -1 
-1  0  0  0 -1  1 
-1  0  0  0  1  1 
 0 -1  1 -1  0  0 
 0  1 -1 -1  0  0 
118
 0 -1 -1  1  0  0 
 1  0  0  0  1 -1 
 1  0  0  0 -1  1 
-1  0  0  0  1  1 
 0 -1  1 -1  0  0 
 0  1 -1 -1  0  0 
120
 0 -1 -1  1  0  0 
 1  0  0  0  1 -1 
 1  0  0  0 -1  1 
-1  0  0  0  1  1 
 0 -1  1 -1  0  0 
 0  1 -1 -1  0  0 
126
 0 -1  1  1  0  0 
 1  0 -1  0  1  0 
-1  1  0  0  0  1 
-1  0  0  0  1 -1 
 0 -1  0 -1  0  1 
 0  0 -1  1 -1  0 
128
 0 -1  1  1  0  0 
 1  0 -1  0  1  0 
-1  1  0  0  0  1 
-1  0  0  0  1 -1 
 0 -1  0 -1  0  1 
 0  0 -1  1 -1  0 
132
 0 -1 -1  1  0  0 
 1  0  0  0  1 -1 
 1  0  0  0 -1  1 
-1  0  0  0  1  1 
 0 -1  1 -1  0  0 
 0  1 -1 -1  0  0 
134
 0 -1  1  1  0  0 
 1  0 -1  0  1  0 
-1  1  0  0  0  1 
-1  0  0  0  1 -1 
 0 -1  0 -1  0  1 
 0  0 -1  1 -1  0 
135
 0 -1 -1  1  0  0 
 1  0  0  0  1 -1 
 1  0  0  0 -1  1 
-1  0  0  0  1  1 
 0 -1  1 -1  0  0 
 0  1 -1 -1  0  0 
137
 0 -1  1  1  0  0 
 1  0 -1  0  1  0 
-1  1  0  0  0  1 
-1  0  0  0  1 -1 
 0 -1  0 -1  0  1 
 0  0 -1  1 -1  0 
138
 0 -1 -1  1  0  0 
 1  0  0  0  1 -1 
 1  0  0  0 -1  1 
-1  0  0  0  1  1 
 0 -1  1 -1  0  0 
 0  1 -1 -1  0  0 
143
 0 -1  1  1  0  0 
 1  0 -1  0  1  0 
-1  1  0  0  0  1 
-1  0  0  0  1 -1 
 0 -1  0 -1  0  1 
 0  0 -1  1 -1  0 
144
 0 -1 -1  1  0  0 
 1  0  0  0  1 -1 
 1  0  0  0 -1  1 
-1  0  0  0  1  1 
 0 -1  1 -1  0  0 
 0  1 -1 -1  0  0 
145
 0 -1  1  1  0  0 
 1  0 -1  0  1  0 
-1  1  0  0  0  1 
-1  0  0  0  1 -1 
 0 -1  0 -1  0  1 
 0  0 -1  1 -1  0 
146
 0 -1  1  1  0  0 
 1  0 -1  0  1  0 
-1  1  0  0  0  1 
-1  0  0  0  1 -1 
 0 -1  0 -1  0  1 
 0  0 -1  1 -1  0 
148
 0 -1 -1  1  0  0 
 1  0  0  0  1 -1 
 1  0  0  0 -1  1 
-1  0  0  0  1  1 
 0 -1  1 -1  0  0 
 0  1 -1 -1  0  0 
149
 0  1 -1  1  0  0 
-1  0  1  0 -1  0 
 1 -1  0  0  0  1 
-1  0  0  0  1  1 
 0  1  0 -1  0  1 
 0  0 -1 -1 -1  0 
150
 0 -1 -1  1  0  0 
 1  0  0  0  1 -1 
 1  0  0  0 -1  1 
-1  0  0  0  1  1 
 0 -1  1 -1  0  0 
 0  1 -1 -1  0  0 
155
 0 -1 -1  1  0  0 
 1  0  0  0  1 -1 
 1  0  0  0 -1  1 
-1  0  0  0  1  1 
 0 -1  1 -1  0  0 
 0  1 -1 -1  0  0 
159
 0 -1 -1  1  0  0 
 1  0  0  0  1 -1 
 1  0  0  0 -1  1 
-1  0  0  0  1  1 
 0 -1  1 -1  0  0 
 0  1 -1 -1  0  0 
167
 0 -1 -1  1  0  0 
 1  0  0  0  1 -1 
 1  0  0  0 -1  1 
-1  0  0  0  1  1 
 0 -1  1 -1  0  0 
 0  1 -1 -1  0  0 
172
 0 -1  1  1  0  0 
 1  0  0  0 -1  1 
-1  0  0  0 -1  1 
-1  0  0  0  1  1 
 0  1  1 -1  0  0 
 0 -1 -1 -1  0  0 
173
 0 -1 -1  1  0  0 
 1  0  0  0  1 -1 
 1  0  0  0 -1  1 
-1  0  0  0  1  1 
 0 -1  1 -1  0  0 
 0  1 -1 -1  0  0 
174
 0  1 -1  1  0  0 
-1  0  1  0 -1  0 
 1 -1  0  0  0  1 
-1  0  0  0  1  1 
 0  1  0 -1  0  1 
 0  0 -1 -1 -1  0 
175
 0 -1 -1  1  0  0 
 1  0  0  0  1 -1 
 1  0  0  0 -1  1 
-1  0  0  0  1  1 
 0 -1  1 -1  0  0 
 0  1 -1 -1  0  0 
176
 0 -1  1  1  0  0 
 1  0 -1  0 -1  0 
-1  1  0  0  0 -1 
-1  0  0  0  1  1 
 0  1  0 -1  0  1 
 0  0  1 -1 -1  0 
177
 0 -1  1  1  0  0 
 1  0 -1  0  1  0 
-1  1  0  0  0  1 
-1  0  0  0  1 -1 
 0 -1  0 -1  0  1 
 0  0 -1  1 -1  0 
178
 0 -1 -1  1  0  0 
 1  0  0  0  1 -1 
 1  0  0  0 -1  1 
-1  0  0  0  1  1 
 0 -1  1 -1  0  0 
 0  1 -1 -1  0  0 
179
 0 -1 -1  1  0  0 
 1  0  0  0  1 -1 
 1  0  0  0 -1  1 
-1  0  0  0  1  1 
 0 -1  1 -1  0  0 
 0  1 -1 -1  0  0 
182
 0 -1  1  1  0  0 
 1  0 -1  0  1  0 
-1  1  0  0  0  1 
-1  0  0  0  1 -1 
 0 -1  0 -1  0  1 
 0  0 -1  1 -1  0 
191
 0 -1 -1  1  0  0 
 1  0  0  0  1 -1 
 1  0  0  0 -1  1 
-1  0  0  0  1  1 
 0 -1  1 -1  0  0 
 0  1 -1 -1  0  0 
194
 0 -1  1  1  0  0 
 1  0 -1  0  1  0 
-1  1  0  0  0  1 
-1  0  0  0  1 -1 
 0 -1  0 -1  0  1 
 0  0 -1  1 -1  0 
197
 0 -1 -1  1  0  0 
 1  0  0  0  1 -1 
 1  0  0  0 -1  1 
-1  0  0  0  1  1 
 0 -1  1 -1  0  0 
 0  1 -1 -1  0  0 
203
 0 -1  1  1  0  0 
 1  0 -1  0  1  0 
-1  1  0  0  0  1 
-1  0  0  0  1 -1 
 0 -1  0 -1  0  1 
 0  0 -1  1 -1  0 
204
 0 -1 -1  1  0  0 
 1  0 -1  0  1  0 
 1  1  0  0  0  1 
-1  0  0  0  1  1 
 0 -1  0 -1  0  1 
 0  0 -1 -1 -1  0 
205
 0 -1  1  1  0  0 
 1  0 -1  0  1  0 
-1  1  0  0  0  1 
-1  0  0  0  1 -1 
 0 -1  0 -1  0  1 
 0  0 -1  1 -1  0 
206
 0 -1  1  1  0  0 
 1  0 -1  0  1  0 
-1  1  0  0  0  1 
-1  0  0  0  1 -1 
 0 -1  0 -1  0  1 
 0  0 -1  1 -1  0 
208
 0 -1 -1  1  0  0 
 1  0  0  0 -1  1 
 1  0  0  0  1  1 
-1  0  0  0  1  1 
 0  1 -1 -1  0  0 
 0 -1 -1 -1  0  0 
209
 0 -1  1  1  0  0 
 1  0 -1  0  1  0 
-1  1  0  0  0 -1 
-1  0  0  0  1  1 
 0 -1  0 -1  0  1 
 0  0  1 -1 -1  0 
216
 0 -1 -1  1  0  0 
 1  0  0  0 -1  1 
 1  0  0  0  1  1 
-1  0  0  0  1  1 
 0  1 -1 -1  0  0 
 0 -1 -1 -1  0  0 
217
 0 -1 -1  1  0  0 
 1  0  0  0 -1  1 
 1  0  0  0  1  1 
-1  0  0  0  1  1 
 0  1 -1 -1  0  0 
 0 -1 -1 -1  0  0 
230
 0 -1 -1  1  0  0 
 1  0  0  0  1 -1 
 1  0  0  0 -1  1 
-1  0  0  0  1  1 
 0 -1  1 -1  0  0 
 0  1 -1 -1  0  0 
240
 0 -1 -1  1  0  0 
 1  0  0  0 -1  1 
 1  0  0  0  1  1 
-1  0  0  0  1  1 
 0  1 -1 -1  0  0 
 0 -1 -1 -1  0  0 
242
 0 -1 -1  1  0  0 
 1  0  0  0 -1  1 
 1  0  0  0  1  1 
-1  0  0  0  1  1 
 0  1 -1 -1  0  0 
 0 -1 -1 -1  0  0 
249
 0 -1  1  1  0  0 
 1  0  1  0 -1  0 
-1 -1  0  0  0  1 
-1  0  0  0  1  1 
 0  1  0 -1  0  1 
 0  0 -1 -1 -1  0 
250
 0 -1  1  1  0  0 
 1  0 -1  0  1  0 
-1  1  0  0  0  1 
-1  0  0  0  1 -1 
 0 -1  0 -1  0  1 
 0  0 -1  1 -1  0 
253
 0 -1  1  1  0  0 
 1  0 -1  0  1  0 
-1  1  0  0  0  1 
-1  0  0  0  1 -1 
 0 -1  0 -1  0  1 
 0  0 -1  1 -1  0 
254
 0 -1 -1  1  0  0 
 1  0  0  0  1 -1 
 1  0  0  0 -1  1 
-1  0  0  0  1  1 
 0 -1  1 -1  0  0 
 0  1 -1 -1  0  0 
256
 0 -1  1  1  0  0 
 1  0 -1  0  1  0 
-1  1  0  0  0  1 
-1  0  0  0  1 -1 
 0 -1  0 -1  0  1 
 0  0 -1  1 -1  0 
257
 0  1  1 -1  0  0 
-1  0 -1  0  1  0 
-1  1  0  0  0  1 
 1  0  0  0  1  1 
 0 -1  0 -1  0  1 
 0  0 -1 -1 -1  0 
259
 0 -1  1  1  0  0 
 1  0 -1  0  1  0 
-1  1  0  0  0  1 
-1  0  0  0  1 -1 
 0 -1  0 -1  0  1 
 0  0 -1  1 -1  0 
261
 0 -1  1  1  0  0 
 1  0 -1  0  1  0 
-1  1  0  0  0  1 
-1  0  0  0  1 -1 
 0 -1  0 -1  0  1 
 0  0 -1  1 -1  0 
263
 0 -1 -1  1  0  0 
 1  0  0  0  1 -1 
 1  0  0  0 -1  1 
-1  0  0  0  1  1 
 0 -1  1 -1  0  0 
 0  1 -1 -1  0  0 
264
 0 -1 -1  1  0  0 
 1  0  0  0  1 -1 
 1  0  0  0 -1  1 
-1  0  0  0  1  1 
 0 -1  1 -1  0  0 
 0  1 -1 -1  0  0 
267
 0 -1 -1  1  0  0 
 1  0 -1  0  1  0 
 1  1  0  0  0 -1 
-1  0  0  0  1  1 
 0 -1  0 -1  0  1 
 0  0  1 -1 -1  0 
268
 0 -1 -1  1  0  0 
 1  0 -1  0  1  0 
 1  1  0  0  0 -1 
-1  0  0  0  1  1 
 0 -1  0 -1  0  1 
 0  0  1 -1 -1  0 
269
 0 -1 -1  1  0  0 
 1  0 -1  0  1  0 
 1  1  0  0  0 -1 
-1  0  0  0  1  1 
 0 -1  0 -1  0  1 
 0  0  1 -1 -1  0 
270
 0 -1 -1  1  0  0 
 1  0  0  0  1 -1 
 1  0  0  0 -1  1 
-1  0  0  0  1  1 
 0 -1  1 -1  0  0 
 0  1 -1 -1  0  0 
271
 0 -1 -1  1  0  0 
 1  0  0  0  1 -1 
 1  0  0  0 -1  1 
-1  0  0  0  1  1 
 0 -1  1 -1  0  0 
 0  1 -1 -1  0  0 
273
 0 -1  1  1  0  0 
 1  0 -1  0  1  0 
-1  1  0  0  0  1 
-1  0  0  0  1 -1 
 0 -1  0 -1  0  1 
 0  0 -1  1 -1  0 
274
 0 -1 -1  1  0  0 
 1  0  0  0  1 -1 
 1  0  0  0 -1  1 
-1  0  0  0  1  1 
 0 -1  1 -1  0  0 
 0  1 -1 -1  0  0 
275
 0 -1  1  1  0  0 
 1  0 -1  0  1  0 
-1  1  0  0  0  1 
-1  0  0  0  1 -1 
 0 -1  0 -1  0  1 
 0  0 -1  1 -1  0 
277
 0 -1  1  1  0  0 
 1  0 -1  0  1  0 
-1  1  0  0  0  1 
-1  0  0  0  1 -1 
 0 -1  0 -1  0  1 
 0  0 -1  1 -1  0 
278
 0 -1 -1  1  0  0 
 1  0  0  0  1 -1 
 1  0  0  0 -1  1 
-1  0  0  0  1  1 
 0 -1  1 -1  0  0 
 0  1 -1 -1  0  0 
279
 0 -1 -1  1  0  0 
 1  0  0  0  1 -1 
 1  0  0  0 -1  1 
-1  0  0  0  1  1 
 0 -1  1 -1  0  0 
 0  1 -1 -1  0  0 
280
 0 -1 -1  1  0  0 
 1  0  0  0  1 -1 
 1  0  0  0 -1  1 
-1  0  0  0  1  1 
 0 -1  1 -1  0  0 
 0  1 -1 -1  0  0 
285
 0 -1  1  1  0  0 
 1  0  1  0 -1  0 
-1 -1  0  0  0  1 
-1  0  0  0  1  1 
 0  1  0 -1  0  1 
 0  0 -1 -1 -1  0 
287
 0 -1  1  1  0  0 
 1  0 -1  0  1  0 
-1  1  0  0  0  1 
-1  0  0  0  1 -1 
 0 -1  0 -1  0  1 
 0  0 -1  1 -1  0 
288
 0 -1 -1  1  0  0 
 1  0 -1  0  1  0 
 1  1  0  0  0 -1 
-1  0  0  0  1  1 
 0 -1  0 -1  0  1 
 0  0  1 -1 -1  0 
289
 0 -1 -1  1  0  0 
 1  0 -1  0  1  0 
 1  1  0  0  0 -1 
-1  0  0  0  1  1 
 0 -1  0 -1  0  1 
 0  0  1 -1 -1  0 
290
 0 -1 -1  1  0  0 
 1  0 -1  0  1  0 
 1  1  0  0  0 -1 
-1  0  0  0  1  1 
 0 -1  0 -1  0  1 
 0  0  1 -1 -1  0 
291
 0 -1 -1  1  0  0 
 1  0  1  0  1  0 
 1 -1  0  0  0 -1 
-1  0  0  0  1  1 
 0 -1  0 -1  0  1 
 0  0  1 -1 -1  0 
292
 0 -1 -1  1  0  0 
 1  0 -1  0  1  0 
 1  1  0  0  0 -1 
-1  0  0  0  1  1 
 0 -1  0 -1  0  1 
 0  0  1 -1 -1  0 
293
 0 -1 -1  1  0  0 
 1  0 -1  0  1  0 
 1  1  0  0  0 -1 
-1  0  0  0  1  1 
 0 -1  0 -1  0  1 
 0  0  1 -1 -1  0 
295
 0 -1 -1  1  0  0 
 1  0  0  0  1 -1 
 1  0  0  0 -1  1 
-1  0  0  0  1  1 
 0 -1  1 -1  0  0 
 0  1 -1 -1  0  0 
296
 0 -1 -1  1  0  0 
 1  0  0  0  1 -1 
 1  0  0  0 -1  1 
-1  0  0  0  1  1 
 0 -1  1 -1  0  0 
 0  1 -1 -1  0  0 
297
 0 -1 -1  1  0  0 
 1  0  0  0  1 -1 
 1  0  0  0 -1  1 
-1  0  0  0  1  1 
 0 -1  1 -1  0  0 
 0  1 -1 -1  0  0 
302
 0 -1  1  1  0  0 
 1  0 -1  0  1  0 
-1  1  0  0  0  1 
-1  0  0  0  1 -1 
 0 -1  0 -1  0  1 
 0  0 -1  1 -1  0 
303
 0 -1 -1  1  0  0 
 1  0  0  0  1 -1 
 1  0  0  0 -1  1 
-1  0  0  0  1  1 
 0 -1  1 -1  0  0 
 0  1 -1 -1  0  0 
304
 0 -1  1  1  0  0 
 1  0 -1  0  1  0 
-1  1  0  0  0  1 
-1  0  0  0  1 -1 
 0 -1  0 -1  0  1 
 0  0 -1  1 -1  0 
305
 0 -1 -1  1  0  0 
 1  0  0  0  1 -1 
 1  0  0  0 -1  1 
-1  0  0  0  1  1 
 0 -1  1 -1  0  0 
 0  1 -1 -1  0  0 
312
 0 -1 -1  1  0  0 
 1  0  0  0  1 -1 
 1  0  0  0 -1  1 
-1  0  0  0  1  1 
 0 -1  1 -1  0  0 
 0  1 -1 -1  0  0 
314
 0 -1 -1  1  0  0 
 1  0  0  0  1 -1 
 1  0  0  0 -1  1 
-1  0  0  0  1  1 
 0 -1  1 -1  0  0 
 0  1 -1 -1  0  0 
316
 0 -1 -1  1  0  0 
 1  0  1  0  1  0 
 1 -1  0  0  0 -1 
-1  0  0  0  1  1 
 0 -1  0 -1  0  1 
 0  0  1 -1 -1  0 
317
 0 -1 -1  1  0  0 
 1  0  0  0  1 -1 
 1  0  0  0 -1  1 
-1  0  0  0  1  1 
 0 -1  1 -1  0  0 
 0  1 -1 -1  0  0 
318
 0  1 -1 -1  0  0 
-1  0  1  0  1  0 
 1 -1  0  0  0 -1 
 1  0  0  0  1  1 
 0 -1  0 -1  0  1 
 0  0  1 -1 -1  0 
320
 0 -1 -1  1  0  0 
 1  0  1  0  1  0 
 1 -1  0  0  0 -1 
-1  0  0  0  1  1 
 0 -1  0 -1  0  1 
 0  0  1 -1 -1  0 
328
 0 -1 -1  1  0  0 
 1  0  0  0  1 -1 
 1  0  0  0 -1  1 
-1  0  0  0  1  1 
 0 -1  1 -1  0  0 
 0  1 -1 -1  0  0 
331
 0 -1 -1  1  0  0 
 1  0  0  0  1 -1 
 1  0  0  0 -1  1 
-1  0  0  0  1  1 
 0 -1  1 -1  0  0 
 0  1 -1 -1  0  0 
336
 0 -1 -1  1  0  0 
 1  0  0  0  1 -1 
 1  0  0  0 -1  1 
-1  0  0  0  1  1 
 0 -1  1 -1  0  0 
 0  1 -1 -1  0  0 
337
 0 -1 -1  1  0  0 
 1  0  0  0  1 -1 
 1  0  0  0 -1  1 
-1  0  0  0  1  1 
 0 -1  1 -1  0  0 
 0  1 -1 -1  0  0 
338
 0 -1 -1  1  0  0 
 1  0  0  0  1 -1 
 1  0  0  0 -1  1 
-1  0  0  0  1  1 
 0 -1  1 -1  0  0 
 0  1 -1 -1  0  0 
339
 0 -1 -1  1  0  0 
 1  0  1  0  1  0 
 1 -1  0  0  0 -1 
-1  0  0  0  1  1 
 0 -1  0 -1  0  1 
 0  0  1 -1 -1  0 
340
 0 -1 -1  1  0  0 
 1  0  0  0  1 -1 
 1  0  0  0 -1  1 
-1  0  0  0  1  1 
 0 -1  1 -1  0  0 
 0  1 -1 -1  0  0 
341
 0 -1 -1  1  0  0 
 1  0  0  0  1 -1 
 1  0  0  0 -1  1 
-1  0  0  0  1  1 
 0 -1  1 -1  0  0 
 0  1 -1 -1  0  0 
342
 0 -1 -1  1  0  0 
 1  0  0  0  1 -1 
 1  0  0  0 -1  1 
-1  0  0  0  1  1 
 0 -1  1 -1  0  0 
 0  1 -1 -1  0  0 
343
 0 -1  1  1  0  0 
 1  0 -1  0  1  0 
-1  1  0  0  0  1 
-1  0  0  0  1 -1 
 0 -1  0 -1  0  1 
 0  0 -1  1 -1  0 
344
 0 -1 -1  1  0  0 
 1  0  0  0  1 -1 
 1  0  0  0 -1  1 
-1  0  0  0  1  1 
 0 -1  1 -1  0  0 
 0  1 -1 -1  0  0 
345
 0 -1 -1  1  0  0 
 1  0  0  0  1 -1 
 1  0  0  0 -1  1 
-1  0  0  0  1  1 
 0 -1  1 -1  0  0 
 0  1 -1 -1  0  0 
346
 0  1  1  1  0  0 
-1  0  0  0  1 -1 
-1  0  0  0 -1  1 
-1  0  0  0  1  1 
 0 -1  1 -1  0  0 
 0  1 -1 -1  0  0 
347
 0 -1 -1  1  0  0 
 1  0  0  0  1 -1 
 1  0  0  0 -1  1 
-1  0  0  0  1  1 
 0 -1  1 -1  0  0 
 0  1 -1 -1  0  0 
349
 0 -1 -1  1  0  0 
 1  0  0  0  1 -1 
 1  0  0  0 -1  1 
-1  0  0  0  1  1 
 0 -1  1 -1  0  0 
 0  1 -1 -1  0  0 
358
 0 -1 -1  1  0  0 
 1  0  0  0  1 -1 
 1  0  0  0 -1  1 
-1  0  0  0  1  1 
 0 -1  1 -1  0  0 
 0  1 -1 -1  0  0 
364
 0 -1  1  1  0  0 
 1  0 -1  0  1  0 
-1  1  0  0  0  1 
-1  0  0  0  1 -1 
 0 -1  0 -1  0  1 
 0  0 -1  1 -1  0 
368
 0 -1 -1  1  0  0 
 1  0  0  0  1 -1 
 1  0  0  0 -1  1 
-1  0  0  0  1  1 
 0 -1  1 -1  0  0 
 0  1 -1 -1  0  0 
379
 0 -1 -1  1  0  0 
 1  0  0  0 -1  1 
 1  0  0  0  1  1 
-1  0  0  0  1  1 
 0  1 -1 -1  0  0 
 0 -1 -1 -1  0  0 
380
 0 -1 -1  1  0  0 
 1  0  0  0 -1  1 
 1  0  0  0  1  1 
-1  0  0  0  1  1 
 0  1 -1 -1  0  0 
 0 -1 -1 -1  0  0 
383
 0 -1  1  1  0  0 
 1  0 -1  0  1  0 
-1  1  0  0  0  1 
-1  0  0  0  1 -1 
 0 -1  0 -1  0  1 
 0  0 -1  1 -1  0 
384
 0 -1 -1  1  0  0 
 1  0  0  0  1 -1 
 1  0  0  0 -1  1 
-1  0  0  0  1  1 
 0 -1  1 -1  0  0 
 0  1 -1 -1  0  0 
386
 0 -1 -1  1  0  0 
 1  0 -1  0  1  0 
 1  1  0  0  0  1 
-1  0  0  0  1  1 
 0 -1  0 -1  0  1 
 0  0 -1 -1 -1  0 
400
 0 -1 -1  1  0  0 
 1  0  1  0  1  0 
 1 -1  0  0  0 -1 
-1  0  0  0  1  1 
 0 -1  0 -1  0  1 
 0  0  1 -1 -1  0 
403
 0 -1 -1  1  0  0 
 1  0  0  0  1 -1 
 1  0  0  0 -1  1 
-1  0  0  0  1  1 
 0 -1  1 -1  0  0 
 0  1 -1 -1  0  0 
405
 0 -1 -1  1  0  0 
 1  0  0  0 -1  1 
 1  0  0  0  1  1 
-1  0  0  0  1  1 
 0  1 -1 -1  0  0 
 0 -1 -1 -1  0  0 
407
 0 -1 -1  1  0  0 
 1  0  0  0  1 -1 
 1  0  0  0 -1  1 
-1  0  0  0  1  1 
 0 -1  1 -1  0  0 
 0  1 -1 -1  0  0 
408
 0 -1 -1  1  0  0 
 1  0  0  0  1 -1 
 1  0  0  0 -1  1 
-1  0  0  0  1  1 
 0 -1  1 -1  0  0 
 0  1 -1 -1  0  0 
409
 0 -1 -1  1  0  0 
 1  0  0  0  1 -1 
 1  0  0  0 -1  1 
-1  0  0  0  1  1 
 0 -1  1 -1  0  0 
 0  1 -1 -1  0  0 
411
 0  1 -1 -1  0  0 
-1  0  1  0  1  0 
 1 -1  0  0  0 -1 
 1  0  0  0  1  1 
 0 -1  0 -1  0  1 
 0  0  1 -1 -1  0 
412
 0  1 -1 -1  0  0 
-1  0  1  0  1  0 
 1 -1  0  0  0 -1 
 1  0  0  0  1  1 
 0 -1  0 -1  0  1 
 0  0  1 -1 -1  0 
413
 0 -1  1  1  0  0 
 1  0 -1  0  1  0 
-1  1  0  0  0  1 
-1  0  0  0  1 -1 
 0 -1  0 -1  0  1 
 0  0 -1  1 -1  0 
414
 0 -1 -1  1  0  0 
 1  0  0  0  1 -1 
 1  0  0  0 -1  1 
-1  0  0  0  1  1 
 0 -1  1 -1  0  0 
 0  1 -1 -1  0  0 
415
 0 -1 -1  1  0  0 
 1  0 -1  0  1  0 
 1  1  0  0  0  1 
-1  0  0  0  1  1 
 0 -1  0 -1  0  1 
 0  0 -1 -1 -1  0 
416
 0 -1 -1  1  0  0 
 1  0  0  0  1 -1 
 1  0  0  0 -1  1 
-1  0  0  0  1  1 
 0 -1  1 -1  0  0 
 0  1 -1 -1  0  0 
425
 0 -1 -1  1  0  0 
 1  0  0  0  1 -1 
 1  0  0  0 -1  1 
-1  0  0  0  1  1 
 0 -1  1 -1  0  0 
 0  1 -1 -1  0  0 
427
 0 -1 -1  1  0  0 
 1  0  0  0  1 -1 
 1  0  0  0 -1  1 
-1  0  0  0  1  1 
 0 -1  1 -1  0  0 
 0  1 -1 -1  0  0 
430
 0 -1 -1  1  0  0 
 1  0  0  0  1 -1 
 1  0  0  0 -1  1 
-1  0  0  0  1  1 
 0 -1  1 -1  0  0 
 0  1 -1 -1  0  0 
431
 0 -1  1  1  0  0 
 1  0 -1  0  1  0 
-1  1  0  0  0  1 
-1  0  0  0  1 -1 
 0 -1  0 -1  0  1 
 0  0 -1  1 -1  0 
433
 0 -1 -1  1  0  0 
 1  0  0  0  1 -1 
 1  0  0  0 -1  1 
-1  0  0  0  1  1 
 0 -1  1 -1  0  0 
 0  1 -1 -1  0  0 
439
 0 -1 -1  1  0  0 
 1  0  0  0  1 -1 
 1  0  0  0 -1  1 
-1  0  0  0  1  1 
 0 -1  1 -1  0  0 
 0  1 -1 -1  0  0 
441
 0 -1 -1  1  0  0 
 1  0  0  0 -1  1 
 1  0  0  0  1  1 
-1  0  0  0  1  1 
 0  1 -1 -1  0  0 
 0 -1 -1 -1  0  0 
448
 0  1  1  1  0  0 
-1  0  0  0  1 -1 
-1  0  0  0 -1  1 
-1  0  0  0  1  1 
 0 -1  1 -1  0  0 
 0  1 -1 -1  0  0 
449
 0 -1 -1  1  0  0 
 1  0  0  0  1 -1 
 1  0  0  0 -1  1 
-1  0  0  0  1  1 
 0 -1  1 -1  0  0 
 0  1 -1 -1  0  0 
452
 0 -1 -1  1  0  0 
 1  0  0  0 -1  1 
 1  0  0  0  1  1 
-1  0  0  0  1  1 
 0  1 -1 -1  0  0 
 0 -1 -1 -1  0  0 
453
 0  1 -1  1  0  0 
-1  0  0  0 -1  1 
 1  0  0  0  1  1 
-1  0  0  0  1  1 
 0  1 -1 -1  0  0 
 0 -1 -1 -1  0  0 
